/home/jose/datos/satInstances/satProblems/uf20-91/uf20-0996.yos|0|yes_satisf|20|91|273|5|
/home/jose/datos/satInstances/satProblems/uf20-91/uf20-0997.yos|0|yes_satisf|20|91|273|2|
/home/jose/datos/satInstances/satProblems/uf20-91/uf20-0998.yos|0|yes_satisf|20|91|273|7|
/home/jose/datos/satInstances/satProblems/uf20-91/uf20-0999.yos|0|yes_satisf|20|91|273|3|
/home/jose/datos/satInstances/satProblems/aim/aim-50-2_0-yes1-2.yos|0|yes_satisf|50|100|299|10|
/home/jose/datos/satInstances/satProblems/aim/aim-50-2_0-yes1-4.yos|0|yes_satisf|50|100|299|2|
/home/jose/datos/satInstances/satProblems/aim/aim-50-2_0-yes1-1.yos|0|yes_satisf|50|99|297|17|
/home/jose/datos/satInstances/satProblems/aim/aim-50-2_0-yes1-3.yos|0.004|yes_satisf|50|100|300|9|
/home/jose/datos/satInstances/satProblems/inference/ii8a1.yos|0|yes_satisf|66|186|450|3|
/home/jose/datos/satInstances/satProblems/aim/aim-100-1_6-yes1-1.yos|0|yes_satisf|100|160|479|44|
/home/jose/datos/satInstances/satProblems/aim/aim-100-1_6-yes1-2.yos|0|yes_satisf|100|160|479|23|
/home/jose/datos/satInstances/satProblems/aim/aim-100-1_6-yes1-3.yos|0.004|yes_satisf|100|160|480|14|
/home/jose/datos/satInstances/satProblems/aim/aim-100-1_6-yes1-4.yos|0|yes_satisf|100|160|480|14|
/home/jose/datos/satInstances/satProblems/aim/aim-50-3_4-yes1-4.yos|0|yes_satisf|50|170|508|19|
/home/jose/datos/satInstances/satProblems/aim/aim-50-3_4-yes1-1.yos|0|yes_satisf|50|169|507|13|
/home/jose/datos/satInstances/satProblems/aim/aim-50-3_4-yes1-2.yos|0|yes_satisf|50|170|510|2|
/home/jose/datos/satInstances/satProblems/aim/aim-50-3_4-yes1-3.yos|0|yes_satisf|50|170|510|29|
/home/jose/datos/satInstances/satProblems/blocksworld/anomaly.yos|0|yes_satisf|48|261|583|1|
/home/jose/datos/satInstances/satProblems/aim/aim-100-2_0-yes1-2.yos|0|yes_satisf|100|200|598|45|
/home/jose/datos/satInstances/satProblems/aim/aim-100-2_0-yes1-1.yos|0.004|yes_satisf|100|198|593|38|
/home/jose/datos/satInstances/satProblems/aim/aim-100-2_0-yes1-3.yos|0|yes_satisf|100|200|599|32|
/home/jose/datos/satInstances/satProblems/aim/aim-100-2_0-yes1-4.yos|0|yes_satisf|100|199|597|31|
/home/jose/datos/satInstances/satProblems/flat30-60/flat30-1.yos|0|yes_satisf|90|300|630|0|
/home/jose/datos/satInstances/satProblems/flat30-60/flat30-10.yos|0|yes_satisf|90|300|630|0|
/home/jose/datos/satInstances/satProblems/flat30-60/flat30-100.yos|0|yes_satisf|90|300|630|0|
/home/jose/datos/satInstances/satProblems/flat30-60/flat30-11.yos|0|yes_satisf|90|300|630|0|
/home/jose/datos/satInstances/satProblems/flat30-60/flat30-12.yos|0|yes_satisf|90|300|630|0|
/home/jose/datos/satInstances/satProblems/flat30-60/flat30-13.yos|0|yes_satisf|90|300|630|0|
/home/jose/datos/satInstances/satProblems/flat30-60/flat30-14.yos|0|yes_satisf|90|300|630|0|
/home/jose/datos/satInstances/satProblems/flat30-60/flat30-15.yos|0|yes_satisf|90|300|630|0|
/home/jose/datos/satInstances/satProblems/flat30-60/flat30-16.yos|0|yes_satisf|90|300|630|0|
/home/jose/datos/satInstances/satProblems/flat30-60/flat30-17.yos|0|yes_satisf|90|300|630|0|
/home/jose/datos/satInstances/satProblems/flat30-60/flat30-18.yos|0|yes_satisf|90|300|630|0|
/home/jose/datos/satInstances/satProblems/flat30-60/flat30-19.yos|0|yes_satisf|90|300|630|0|
/home/jose/datos/satInstances/satProblems/flat30-60/flat30-2.yos|0|yes_satisf|90|300|630|0|
/home/jose/datos/satInstances/satProblems/flat30-60/flat30-20.yos|0|yes_satisf|90|300|630|0|
/home/jose/datos/satInstances/satProblems/flat30-60/flat30-21.yos|0|yes_satisf|90|300|630|0|
/home/jose/datos/satInstances/satProblems/flat30-60/flat30-22.yos|0|yes_satisf|90|300|630|0|
/home/jose/datos/satInstances/satProblems/flat30-60/flat30-23.yos|0|yes_satisf|90|300|630|0|
/home/jose/datos/satInstances/satProblems/flat30-60/flat30-24.yos|0|yes_satisf|90|300|630|0|
/home/jose/datos/satInstances/satProblems/flat30-60/flat30-25.yos|0|yes_satisf|90|300|630|0|
/home/jose/datos/satInstances/satProblems/flat30-60/flat30-26.yos|0|yes_satisf|90|300|630|0|
/home/jose/datos/satInstances/satProblems/flat30-60/flat30-27.yos|0|yes_satisf|90|300|630|0|
/home/jose/datos/satInstances/satProblems/flat30-60/flat30-28.yos|0|yes_satisf|90|300|630|0|
/home/jose/datos/satInstances/satProblems/flat30-60/flat30-29.yos|0|yes_satisf|90|300|630|0|
/home/jose/datos/satInstances/satProblems/flat30-60/flat30-3.yos|0|yes_satisf|90|300|630|0|
/home/jose/datos/satInstances/satProblems/flat30-60/flat30-30.yos|0|yes_satisf|90|300|630|0|
/home/jose/datos/satInstances/satProblems/flat30-60/flat30-31.yos|0|yes_satisf|90|300|630|0|
/home/jose/datos/satInstances/satProblems/flat30-60/flat30-32.yos|0|yes_satisf|90|300|630|0|
/home/jose/datos/satInstances/satProblems/flat30-60/flat30-33.yos|0|yes_satisf|90|300|630|0|
/home/jose/datos/satInstances/satProblems/flat30-60/flat30-34.yos|0|yes_satisf|90|300|630|0|
/home/jose/datos/satInstances/satProblems/flat30-60/flat30-35.yos|0|yes_satisf|90|300|630|0|
/home/jose/datos/satInstances/satProblems/flat30-60/flat30-36.yos|0|yes_satisf|90|300|630|0|
/home/jose/datos/satInstances/satProblems/flat30-60/flat30-37.yos|0|yes_satisf|90|300|630|0|
/home/jose/datos/satInstances/satProblems/flat30-60/flat30-38.yos|0|yes_satisf|90|300|630|0|
/home/jose/datos/satInstances/satProblems/flat30-60/flat30-39.yos|0|yes_satisf|90|300|630|0|
/home/jose/datos/satInstances/satProblems/flat30-60/flat30-4.yos|0|yes_satisf|90|300|630|0|
/home/jose/datos/satInstances/satProblems/flat30-60/flat30-40.yos|0|yes_satisf|90|300|630|0|
/home/jose/datos/satInstances/satProblems/flat30-60/flat30-41.yos|0|yes_satisf|90|300|630|0|
/home/jose/datos/satInstances/satProblems/flat30-60/flat30-42.yos|0|yes_satisf|90|300|630|0|
/home/jose/datos/satInstances/satProblems/flat30-60/flat30-43.yos|0|yes_satisf|90|300|630|0|
/home/jose/datos/satInstances/satProblems/flat30-60/flat30-44.yos|0|yes_satisf|90|300|630|0|
/home/jose/datos/satInstances/satProblems/flat30-60/flat30-45.yos|0|yes_satisf|90|300|630|0|
/home/jose/datos/satInstances/satProblems/flat30-60/flat30-46.yos|0|yes_satisf|90|300|630|0|
/home/jose/datos/satInstances/satProblems/flat30-60/flat30-47.yos|0|yes_satisf|90|300|630|0|
/home/jose/datos/satInstances/satProblems/flat30-60/flat30-48.yos|0|yes_satisf|90|300|630|0|
/home/jose/datos/satInstances/satProblems/flat30-60/flat30-49.yos|0|yes_satisf|90|300|630|0|
/home/jose/datos/satInstances/satProblems/flat30-60/flat30-5.yos|0|yes_satisf|90|300|630|0|
/home/jose/datos/satInstances/satProblems/flat30-60/flat30-50.yos|0|yes_satisf|90|300|630|0|
/home/jose/datos/satInstances/satProblems/flat30-60/flat30-51.yos|0|yes_satisf|90|300|630|0|
/home/jose/datos/satInstances/satProblems/flat30-60/flat30-52.yos|0|yes_satisf|90|300|630|0|
/home/jose/datos/satInstances/satProblems/flat30-60/flat30-53.yos|0|yes_satisf|90|300|630|0|
/home/jose/datos/satInstances/satProblems/flat30-60/flat30-54.yos|0|yes_satisf|90|300|630|0|
/home/jose/datos/satInstances/satProblems/flat30-60/flat30-55.yos|0|yes_satisf|90|300|630|0|
/home/jose/datos/satInstances/satProblems/flat30-60/flat30-56.yos|0|yes_satisf|90|300|630|0|
/home/jose/datos/satInstances/satProblems/flat30-60/flat30-57.yos|0|yes_satisf|90|300|630|0|
/home/jose/datos/satInstances/satProblems/flat30-60/flat30-58.yos|0|yes_satisf|90|300|630|0|
/home/jose/datos/satInstances/satProblems/flat30-60/flat30-59.yos|0|yes_satisf|90|300|630|0|
/home/jose/datos/satInstances/satProblems/flat30-60/flat30-6.yos|0|yes_satisf|90|300|630|0|
/home/jose/datos/satInstances/satProblems/flat30-60/flat30-60.yos|0|yes_satisf|90|300|630|0|
/home/jose/datos/satInstances/satProblems/flat30-60/flat30-61.yos|0|yes_satisf|90|300|630|0|
/home/jose/datos/satInstances/satProblems/flat30-60/flat30-62.yos|0|yes_satisf|90|300|630|0|
/home/jose/datos/satInstances/satProblems/flat30-60/flat30-63.yos|0|yes_satisf|90|300|630|0|
/home/jose/datos/satInstances/satProblems/flat30-60/flat30-64.yos|0|yes_satisf|90|300|630|0|
/home/jose/datos/satInstances/satProblems/flat30-60/flat30-65.yos|0|yes_satisf|90|300|630|0|
/home/jose/datos/satInstances/satProblems/flat30-60/flat30-66.yos|0.004|yes_satisf|90|300|630|0|
/home/jose/datos/satInstances/satProblems/flat30-60/flat30-67.yos|0|yes_satisf|90|300|630|0|
/home/jose/datos/satInstances/satProblems/flat30-60/flat30-68.yos|0|yes_satisf|90|300|630|0|
/home/jose/datos/satInstances/satProblems/flat30-60/flat30-69.yos|0|yes_satisf|90|300|630|0|
/home/jose/datos/satInstances/satProblems/flat30-60/flat30-7.yos|0|yes_satisf|90|300|630|0|
/home/jose/datos/satInstances/satProblems/flat30-60/flat30-70.yos|0|yes_satisf|90|300|630|0|
/home/jose/datos/satInstances/satProblems/flat30-60/flat30-71.yos|0|yes_satisf|90|300|630|0|
/home/jose/datos/satInstances/satProblems/flat30-60/flat30-72.yos|0|yes_satisf|90|300|630|0|
/home/jose/datos/satInstances/satProblems/flat30-60/flat30-73.yos|0|yes_satisf|90|300|630|0|
/home/jose/datos/satInstances/satProblems/flat30-60/flat30-74.yos|0|yes_satisf|90|300|630|0|
/home/jose/datos/satInstances/satProblems/flat30-60/flat30-75.yos|0|yes_satisf|90|300|630|0|
/home/jose/datos/satInstances/satProblems/flat30-60/flat30-76.yos|0|yes_satisf|90|300|630|0|
/home/jose/datos/satInstances/satProblems/flat30-60/flat30-77.yos|0|yes_satisf|90|300|630|0|
/home/jose/datos/satInstances/satProblems/flat30-60/flat30-78.yos|0|yes_satisf|90|300|630|0|
/home/jose/datos/satInstances/satProblems/flat30-60/flat30-79.yos|0|yes_satisf|90|300|630|0|
/home/jose/datos/satInstances/satProblems/flat30-60/flat30-8.yos|0|yes_satisf|90|300|630|0|
/home/jose/datos/satInstances/satProblems/flat30-60/flat30-80.yos|0|yes_satisf|90|300|630|0|
/home/jose/datos/satInstances/satProblems/flat30-60/flat30-81.yos|0|yes_satisf|90|300|630|0|
/home/jose/datos/satInstances/satProblems/flat30-60/flat30-82.yos|0|yes_satisf|90|300|630|0|
/home/jose/datos/satInstances/satProblems/flat30-60/flat30-83.yos|0|yes_satisf|90|300|630|0|
/home/jose/datos/satInstances/satProblems/flat30-60/flat30-84.yos|0|yes_satisf|90|300|630|0|
/home/jose/datos/satInstances/satProblems/flat30-60/flat30-85.yos|0|yes_satisf|90|300|630|0|
/home/jose/datos/satInstances/satProblems/flat30-60/flat30-86.yos|0|yes_satisf|90|300|630|0|
/home/jose/datos/satInstances/satProblems/flat30-60/flat30-87.yos|0|yes_satisf|90|300|630|0|
/home/jose/datos/satInstances/satProblems/flat30-60/flat30-88.yos|0|yes_satisf|90|300|630|0|
/home/jose/datos/satInstances/satProblems/flat30-60/flat30-89.yos|0|yes_satisf|90|300|630|0|
/home/jose/datos/satInstances/satProblems/flat30-60/flat30-9.yos|0|yes_satisf|90|300|630|0|
/home/jose/datos/satInstances/satProblems/flat30-60/flat30-90.yos|0|yes_satisf|90|300|630|0|
/home/jose/datos/satInstances/satProblems/flat30-60/flat30-91.yos|0|yes_satisf|90|300|630|0|
/home/jose/datos/satInstances/satProblems/flat30-60/flat30-92.yos|0|yes_satisf|90|300|630|0|
/home/jose/datos/satInstances/satProblems/flat30-60/flat30-93.yos|0|yes_satisf|90|300|630|0|
/home/jose/datos/satInstances/satProblems/flat30-60/flat30-94.yos|0|yes_satisf|90|300|630|0|
/home/jose/datos/satInstances/satProblems/flat30-60/flat30-95.yos|0|yes_satisf|90|300|630|0|
/home/jose/datos/satInstances/satProblems/flat30-60/flat30-96.yos|0|yes_satisf|90|300|630|0|
/home/jose/datos/satInstances/satProblems/flat30-60/flat30-97.yos|0|yes_satisf|90|300|630|0|
/home/jose/datos/satInstances/satProblems/flat30-60/flat30-98.yos|0|yes_satisf|90|300|630|0|
/home/jose/datos/satInstances/satProblems/flat30-60/flat30-99.yos|0|yes_satisf|90|300|630|0|
/home/jose/datos/satInstances/satProblems/ostrowski/genurq3Sat.shuffled-as.sat03-1509.yos|0|yes_satisf|34|150|648|17|
/home/jose/datos/satInstances/satProblems/uf50-218/uf50-01.yos|0.004|yes_satisf|50|218|654|83|
/home/jose/datos/satInstances/satProblems/uf50-218/uf50-010.yos|0|yes_satisf|50|218|654|34|
/home/jose/datos/satInstances/satProblems/uf50-218/uf50-0100.yos|0|yes_satisf|50|218|654|119|
/home/jose/datos/satInstances/satProblems/uf50-218/uf50-01000.yos|0.004001|yes_satisf|50|218|654|120|
/home/jose/datos/satInstances/satProblems/uf50-218/uf50-0101.yos|0.004|yes_satisf|50|218|654|116|
/home/jose/datos/satInstances/satProblems/uf50-218/uf50-0102.yos|0|yes_satisf|50|218|654|56|
/home/jose/datos/satInstances/satProblems/uf50-218/uf50-0103.yos|0.004|yes_satisf|50|218|654|17|
/home/jose/datos/satInstances/satProblems/uf50-218/uf50-0104.yos|0|yes_satisf|50|218|654|68|
/home/jose/datos/satInstances/satProblems/uf50-218/uf50-0105.yos|0|yes_satisf|50|218|654|28|
/home/jose/datos/satInstances/satProblems/uf50-218/uf50-0106.yos|0|yes_satisf|50|218|654|35|
/home/jose/datos/satInstances/satProblems/uf50-218/uf50-0107.yos|0|yes_satisf|50|218|654|24|
/home/jose/datos/satInstances/satProblems/uf50-218/uf50-0108.yos|0|yes_satisf|50|218|654|15|
/home/jose/datos/satInstances/satProblems/uf50-218/uf50-0109.yos|0|yes_satisf|50|218|654|13|
/home/jose/datos/satInstances/satProblems/uf50-218/uf50-011.yos|0|yes_satisf|50|218|654|83|
/home/jose/datos/satInstances/satProblems/uf50-218/uf50-0110.yos|0.004|yes_satisf|50|218|654|34|
/home/jose/datos/satInstances/satProblems/uf50-218/uf50-0111.yos|0|yes_satisf|50|218|654|119|
/home/jose/datos/satInstances/satProblems/uf50-218/uf50-0112.yos|0|yes_satisf|50|218|654|31|
/home/jose/datos/satInstances/satProblems/uf50-218/uf50-0113.yos|0|yes_satisf|50|218|654|7|
/home/jose/datos/satInstances/satProblems/uf50-218/uf50-0114.yos|0|yes_satisf|50|218|654|4|
/home/jose/datos/satInstances/satProblems/uf50-218/uf50-0115.yos|0|yes_satisf|50|218|654|45|
/home/jose/datos/satInstances/satProblems/uf50-218/uf50-0116.yos|0|yes_satisf|50|218|654|40|
/home/jose/datos/satInstances/satProblems/uf50-218/uf50-0117.yos|0.004001|yes_satisf|50|218|654|55|
/home/jose/datos/satInstances/satProblems/uf50-218/uf50-0118.yos|0|yes_satisf|50|218|654|0|
/home/jose/datos/satInstances/satProblems/uf50-218/uf50-0119.yos|0|yes_satisf|50|218|654|3|
/home/jose/datos/satInstances/satProblems/uf50-218/uf50-012.yos|0.004|yes_satisf|50|218|654|61|
/home/jose/datos/satInstances/satProblems/uf50-218/uf50-0120.yos|0|yes_satisf|50|218|654|66|
/home/jose/datos/satInstances/satProblems/uf50-218/uf50-0121.yos|0|yes_satisf|50|218|654|42|
/home/jose/datos/satInstances/satProblems/uf50-218/uf50-0122.yos|0|yes_satisf|50|218|654|10|
/home/jose/datos/satInstances/satProblems/uf50-218/uf50-0123.yos|0.004|yes_satisf|50|218|654|162|
/home/jose/datos/satInstances/satProblems/uf50-218/uf50-0124.yos|0|yes_satisf|50|218|654|60|
/home/jose/datos/satInstances/satProblems/uf50-218/uf50-0125.yos|0.004001|yes_satisf|50|218|654|47|
/home/jose/datos/satInstances/satProblems/uf50-218/uf50-0126.yos|0|yes_satisf|50|218|654|31|
/home/jose/datos/satInstances/satProblems/uf50-218/uf50-0127.yos|0.004|yes_satisf|50|218|654|108|
/home/jose/datos/satInstances/satProblems/uf50-218/uf50-0128.yos|0|yes_satisf|50|218|654|54|
/home/jose/datos/satInstances/satProblems/uf50-218/uf50-0129.yos|0.008|yes_satisf|50|218|654|217|
/home/jose/datos/satInstances/satProblems/uf50-218/uf50-013.yos|0|yes_satisf|50|218|654|9|
/home/jose/datos/satInstances/satProblems/uf50-218/uf50-0130.yos|0.004001|yes_satisf|50|218|654|84|
/home/jose/datos/satInstances/satProblems/uf50-218/uf50-0131.yos|0|yes_satisf|50|218|654|4|
/home/jose/datos/satInstances/satProblems/uf50-218/uf50-0132.yos|0|yes_satisf|50|218|654|14|
/home/jose/datos/satInstances/satProblems/uf50-218/uf50-0133.yos|0|yes_satisf|50|218|654|22|
/home/jose/datos/satInstances/satProblems/uf50-218/uf50-0134.yos|0|yes_satisf|50|218|654|7|
/home/jose/datos/satInstances/satProblems/uf50-218/uf50-0135.yos|0|yes_satisf|50|218|654|63|
/home/jose/datos/satInstances/satProblems/uf50-218/uf50-0136.yos|0|yes_satisf|50|218|654|22|
/home/jose/datos/satInstances/satProblems/uf50-218/uf50-0137.yos|0|yes_satisf|50|218|654|78|
/home/jose/datos/satInstances/satProblems/uf50-218/uf50-0138.yos|0|yes_satisf|50|218|654|12|
/home/jose/datos/satInstances/satProblems/uf50-218/uf50-0139.yos|0.004|yes_satisf|50|218|654|69|
/home/jose/datos/satInstances/satProblems/uf50-218/uf50-014.yos|0|yes_satisf|50|218|654|17|
/home/jose/datos/satInstances/satProblems/uf50-218/uf50-0140.yos|0|yes_satisf|50|218|654|6|
/home/jose/datos/satInstances/satProblems/uf50-218/uf50-0141.yos|0.004001|yes_satisf|50|218|654|1|
/home/jose/datos/satInstances/satProblems/uf50-218/uf50-0142.yos|0|yes_satisf|50|218|654|147|
/home/jose/datos/satInstances/satProblems/uf50-218/uf50-0143.yos|0|yes_satisf|50|218|654|30|
/home/jose/datos/satInstances/satProblems/uf50-218/uf50-0144.yos|0|yes_satisf|50|218|654|46|
/home/jose/datos/satInstances/satProblems/uf50-218/uf50-0145.yos|0.004|yes_satisf|50|218|654|105|
/home/jose/datos/satInstances/satProblems/uf50-218/uf50-0146.yos|0.004|yes_satisf|50|218|654|77|
/home/jose/datos/satInstances/satProblems/uf50-218/uf50-0147.yos|0|yes_satisf|50|218|654|76|
/home/jose/datos/satInstances/satProblems/uf50-218/uf50-0148.yos|0.004001|yes_satisf|50|218|654|38|
/home/jose/datos/satInstances/satProblems/uf50-218/uf50-0149.yos|0.004|yes_satisf|50|218|654|170|
/home/jose/datos/satInstances/satProblems/uf50-218/uf50-015.yos|0|yes_satisf|50|218|654|28|
/home/jose/datos/satInstances/satProblems/uf50-218/uf50-0150.yos|0|yes_satisf|50|218|654|6|
/home/jose/datos/satInstances/satProblems/uf50-218/uf50-0151.yos|0.004|yes_satisf|50|218|654|85|
/home/jose/datos/satInstances/satProblems/uf50-218/uf50-0152.yos|0|yes_satisf|50|218|654|3|
/home/jose/datos/satInstances/satProblems/uf50-218/uf50-0153.yos|0|yes_satisf|50|218|654|20|
/home/jose/datos/satInstances/satProblems/uf50-218/uf50-0154.yos|0|yes_satisf|50|218|654|11|
/home/jose/datos/satInstances/satProblems/uf50-218/uf50-0155.yos|0|yes_satisf|50|218|654|50|
/home/jose/datos/satInstances/satProblems/uf50-218/uf50-0156.yos|0|yes_satisf|50|218|654|43|
/home/jose/datos/satInstances/satProblems/uf50-218/uf50-0157.yos|0|yes_satisf|50|218|654|2|
/home/jose/datos/satInstances/satProblems/uf50-218/uf50-0158.yos|0.004|yes_satisf|50|218|654|174|
/home/jose/datos/satInstances/satProblems/uf50-218/uf50-0159.yos|0|yes_satisf|50|218|654|51|
/home/jose/datos/satInstances/satProblems/uf50-218/uf50-016.yos|0|yes_satisf|50|218|654|25|
/home/jose/datos/satInstances/satProblems/uf50-218/uf50-0160.yos|0|yes_satisf|50|218|654|79|
/home/jose/datos/satInstances/satProblems/uf50-218/uf50-0161.yos|0.004|yes_satisf|50|218|654|90|
/home/jose/datos/satInstances/satProblems/uf50-218/uf50-0162.yos|0|yes_satisf|50|218|654|34|
/home/jose/datos/satInstances/satProblems/uf50-218/uf50-0163.yos|0|yes_satisf|50|218|654|178|
/home/jose/datos/satInstances/satProblems/uf50-218/uf50-0164.yos|0|yes_satisf|50|218|654|5|
/home/jose/datos/satInstances/satProblems/uf50-218/uf50-0165.yos|0|yes_satisf|50|218|654|19|
/home/jose/datos/satInstances/satProblems/uf50-218/uf50-0166.yos|0|yes_satisf|50|218|654|21|
/home/jose/datos/satInstances/satProblems/uf50-218/uf50-0167.yos|0|yes_satisf|50|218|654|55|
/home/jose/datos/satInstances/satProblems/uf50-218/uf50-0168.yos|0|yes_satisf|50|218|654|28|
/home/jose/datos/satInstances/satProblems/uf50-218/uf50-0169.yos|0.004|yes_satisf|50|218|654|33|
/home/jose/datos/satInstances/satProblems/uf50-218/uf50-017.yos|0|yes_satisf|50|218|654|18|
/home/jose/datos/satInstances/satProblems/uf50-218/uf50-0170.yos|0|yes_satisf|50|218|654|62|
/home/jose/datos/satInstances/satProblems/uf50-218/uf50-0171.yos|0|yes_satisf|50|218|654|7|
/home/jose/datos/satInstances/satProblems/uf50-218/uf50-0172.yos|0|yes_satisf|50|218|654|15|
/home/jose/datos/satInstances/satProblems/uf50-218/uf50-0173.yos|0|yes_satisf|50|218|654|26|
/home/jose/datos/satInstances/satProblems/uf50-218/uf50-0174.yos|0|yes_satisf|50|218|654|3|
/home/jose/datos/satInstances/satProblems/uf50-218/uf50-0175.yos|0|yes_satisf|50|218|654|67|
/home/jose/datos/satInstances/satProblems/uf50-218/uf50-0176.yos|0.004|yes_satisf|50|218|654|129|
/home/jose/datos/satInstances/satProblems/uf50-218/uf50-0177.yos|0|yes_satisf|50|218|654|19|
/home/jose/datos/satInstances/satProblems/uf50-218/uf50-0178.yos|0|yes_satisf|50|218|654|0|
/home/jose/datos/satInstances/satProblems/uf50-218/uf50-0179.yos|0|yes_satisf|50|218|654|99|
/home/jose/datos/satInstances/satProblems/uf50-218/uf50-018.yos|0|yes_satisf|50|218|654|8|
/home/jose/datos/satInstances/satProblems/uf50-218/uf50-0180.yos|0|yes_satisf|50|218|654|30|
/home/jose/datos/satInstances/satProblems/uf50-218/uf50-0181.yos|0|yes_satisf|50|218|654|78|
/home/jose/datos/satInstances/satProblems/uf50-218/uf50-0182.yos|0|yes_satisf|50|218|654|49|
/home/jose/datos/satInstances/satProblems/uf50-218/uf50-0183.yos|0|yes_satisf|50|218|654|69|
/home/jose/datos/satInstances/satProblems/uf50-218/uf50-0184.yos|0|yes_satisf|50|218|654|32|
/home/jose/datos/satInstances/satProblems/uf50-218/uf50-0185.yos|0|yes_satisf|50|218|654|13|
/home/jose/datos/satInstances/satProblems/uf50-218/uf50-0186.yos|0.004|yes_satisf|50|218|654|79|
/home/jose/datos/satInstances/satProblems/uf50-218/uf50-0187.yos|0|yes_satisf|50|218|654|51|
/home/jose/datos/satInstances/satProblems/uf50-218/uf50-0188.yos|0|yes_satisf|50|218|654|20|
/home/jose/datos/satInstances/satProblems/uf50-218/uf50-0189.yos|0|yes_satisf|50|218|654|5|
/home/jose/datos/satInstances/satProblems/uf50-218/uf50-019.yos|0.004001|yes_satisf|50|218|654|126|
/home/jose/datos/satInstances/satProblems/uf50-218/uf50-0190.yos|0|yes_satisf|50|218|654|41|
/home/jose/datos/satInstances/satProblems/uf50-218/uf50-0191.yos|0.004|yes_satisf|50|218|654|73|
/home/jose/datos/satInstances/satProblems/uf50-218/uf50-0192.yos|0|yes_satisf|50|218|654|15|
/home/jose/datos/satInstances/satProblems/uf50-218/uf50-0193.yos|0.004|yes_satisf|50|218|654|96|
/home/jose/datos/satInstances/satProblems/uf50-218/uf50-0194.yos|0|yes_satisf|50|218|654|12|
/home/jose/datos/satInstances/satProblems/uf50-218/uf50-0195.yos|0|yes_satisf|50|218|654|33|
/home/jose/datos/satInstances/satProblems/uf50-218/uf50-0196.yos|0.004|yes_satisf|50|218|654|56|
/home/jose/datos/satInstances/satProblems/uf50-218/uf50-0197.yos|0|yes_satisf|50|218|654|61|
/home/jose/datos/satInstances/satProblems/uf50-218/uf50-0198.yos|0|yes_satisf|50|218|654|6|
/home/jose/datos/satInstances/satProblems/uf50-218/uf50-0199.yos|0|yes_satisf|50|218|654|64|
/home/jose/datos/satInstances/satProblems/uf50-218/uf50-02.yos|0|yes_satisf|50|218|654|29|
/home/jose/datos/satInstances/satProblems/uf50-218/uf50-020.yos|0.004|yes_satisf|50|218|654|22|
/home/jose/datos/satInstances/satProblems/uf50-218/uf50-0200.yos|0|yes_satisf|50|218|654|78|
/home/jose/datos/satInstances/satProblems/uf50-218/uf50-0201.yos|0.004|yes_satisf|50|218|654|11|
/home/jose/datos/satInstances/satProblems/uf50-218/uf50-0202.yos|0|yes_satisf|50|218|654|16|
/home/jose/datos/satInstances/satProblems/uf50-218/uf50-0203.yos|0|yes_satisf|50|218|654|28|
/home/jose/datos/satInstances/satProblems/uf50-218/uf50-0204.yos|0|yes_satisf|50|218|654|29|
/home/jose/datos/satInstances/satProblems/uf50-218/uf50-0205.yos|0|yes_satisf|50|218|654|51|
/home/jose/datos/satInstances/satProblems/uf50-218/uf50-0206.yos|0|yes_satisf|50|218|654|17|
/home/jose/datos/satInstances/satProblems/uf50-218/uf50-0207.yos|0.004001|yes_satisf|50|218|654|37|
/home/jose/datos/satInstances/satProblems/uf50-218/uf50-0208.yos|0|yes_satisf|50|218|654|33|
/home/jose/datos/satInstances/satProblems/uf50-218/uf50-0209.yos|0|yes_satisf|50|218|654|30|
/home/jose/datos/satInstances/satProblems/uf50-218/uf50-021.yos|0|yes_satisf|50|218|654|103|
/home/jose/datos/satInstances/satProblems/uf50-218/uf50-0210.yos|0|yes_satisf|50|218|654|18|
/home/jose/datos/satInstances/satProblems/uf50-218/uf50-0211.yos|0|yes_satisf|50|218|654|103|
/home/jose/datos/satInstances/satProblems/uf50-218/uf50-0212.yos|0.004|yes_satisf|50|218|654|66|
/home/jose/datos/satInstances/satProblems/uf50-218/uf50-0213.yos|0|yes_satisf|50|218|654|25|
/home/jose/datos/satInstances/satProblems/uf50-218/uf50-0214.yos|0|yes_satisf|50|218|654|11|
/home/jose/datos/satInstances/satProblems/uf50-218/uf50-0215.yos|0.004001|yes_satisf|50|218|654|145|
/home/jose/datos/satInstances/satProblems/uf50-218/uf50-0216.yos|0.004|yes_satisf|50|218|654|65|
/home/jose/datos/satInstances/satProblems/uf50-218/uf50-0217.yos|0|yes_satisf|50|218|654|32|
/home/jose/datos/satInstances/satProblems/uf50-218/uf50-0218.yos|0|yes_satisf|50|218|654|26|
/home/jose/datos/satInstances/satProblems/uf50-218/uf50-0219.yos|0|yes_satisf|50|218|654|23|
/home/jose/datos/satInstances/satProblems/uf50-218/uf50-022.yos|0|yes_satisf|50|218|654|52|
/home/jose/datos/satInstances/satProblems/uf50-218/uf50-0220.yos|0|yes_satisf|50|218|654|39|
/home/jose/datos/satInstances/satProblems/uf50-218/uf50-0221.yos|0|yes_satisf|50|218|654|107|
/home/jose/datos/satInstances/satProblems/uf50-218/uf50-0222.yos|0|yes_satisf|50|218|654|110|
/home/jose/datos/satInstances/satProblems/uf50-218/uf50-0223.yos|0.004|yes_satisf|50|218|654|72|
/home/jose/datos/satInstances/satProblems/uf50-218/uf50-0224.yos|0.004|yes_satisf|50|218|654|126|
/home/jose/datos/satInstances/satProblems/uf50-218/uf50-0225.yos|0|yes_satisf|50|218|654|45|
/home/jose/datos/satInstances/satProblems/uf50-218/uf50-0226.yos|0|yes_satisf|50|218|654|23|
/home/jose/datos/satInstances/satProblems/uf50-218/uf50-0227.yos|0|yes_satisf|50|218|654|96|
/home/jose/datos/satInstances/satProblems/uf50-218/uf50-0228.yos|0|yes_satisf|50|218|654|18|
/home/jose/datos/satInstances/satProblems/uf50-218/uf50-0229.yos|0|yes_satisf|50|218|654|99|
/home/jose/datos/satInstances/satProblems/uf50-218/uf50-023.yos|0|yes_satisf|50|218|654|8|
/home/jose/datos/satInstances/satProblems/uf50-218/uf50-0230.yos|0|yes_satisf|50|218|654|19|
/home/jose/datos/satInstances/satProblems/uf50-218/uf50-0231.yos|0|yes_satisf|50|218|654|51|
/home/jose/datos/satInstances/satProblems/uf50-218/uf50-0232.yos|0|yes_satisf|50|218|654|18|
/home/jose/datos/satInstances/satProblems/uf50-218/uf50-0233.yos|0|yes_satisf|50|218|654|66|
/home/jose/datos/satInstances/satProblems/uf50-218/uf50-0234.yos|0.004|yes_satisf|50|218|654|85|
/home/jose/datos/satInstances/satProblems/uf50-218/uf50-0235.yos|0|yes_satisf|50|218|654|57|
/home/jose/datos/satInstances/satProblems/uf50-218/uf50-0236.yos|0.004001|yes_satisf|50|218|654|34|
/home/jose/datos/satInstances/satProblems/uf50-218/uf50-0237.yos|0|yes_satisf|50|218|654|68|
/home/jose/datos/satInstances/satProblems/uf50-218/uf50-0238.yos|0.004|yes_satisf|50|218|654|47|
/home/jose/datos/satInstances/satProblems/uf50-218/uf50-0239.yos|0|yes_satisf|50|218|654|23|
/home/jose/datos/satInstances/satProblems/uf50-218/uf50-024.yos|0.004|yes_satisf|50|218|654|109|
/home/jose/datos/satInstances/satProblems/uf50-218/uf50-0240.yos|0|yes_satisf|50|218|654|73|
/home/jose/datos/satInstances/satProblems/uf50-218/uf50-0241.yos|0.004|yes_satisf|50|218|654|78|
/home/jose/datos/satInstances/satProblems/uf50-218/uf50-0242.yos|0|yes_satisf|50|218|654|16|
/home/jose/datos/satInstances/satProblems/uf50-218/uf50-0243.yos|0|yes_satisf|50|218|654|46|
/home/jose/datos/satInstances/satProblems/uf50-218/uf50-0244.yos|0|yes_satisf|50|218|654|3|
/home/jose/datos/satInstances/satProblems/uf50-218/uf50-0245.yos|0|yes_satisf|50|218|654|73|
/home/jose/datos/satInstances/satProblems/uf50-218/uf50-0246.yos|0.004|yes_satisf|50|218|654|3|
/home/jose/datos/satInstances/satProblems/uf50-218/uf50-0247.yos|0|yes_satisf|50|218|654|10|
/home/jose/datos/satInstances/satProblems/uf50-218/uf50-0248.yos|0|yes_satisf|50|218|654|63|
/home/jose/datos/satInstances/satProblems/uf50-218/uf50-0249.yos|0.004|yes_satisf|50|218|654|10|
/home/jose/datos/satInstances/satProblems/uf50-218/uf50-025.yos|0|yes_satisf|50|218|654|5|
/home/jose/datos/satInstances/satProblems/uf50-218/uf50-0250.yos|0|yes_satisf|50|218|654|1|
/home/jose/datos/satInstances/satProblems/uf50-218/uf50-0251.yos|0|yes_satisf|50|218|654|8|
/home/jose/datos/satInstances/satProblems/uf50-218/uf50-0252.yos|0|yes_satisf|50|218|654|8|
/home/jose/datos/satInstances/satProblems/uf50-218/uf50-0253.yos|0|yes_satisf|50|218|654|25|
/home/jose/datos/satInstances/satProblems/uf50-218/uf50-0254.yos|0|yes_satisf|50|218|654|27|
/home/jose/datos/satInstances/satProblems/uf50-218/uf50-0255.yos|0.004001|yes_satisf|50|218|654|72|
/home/jose/datos/satInstances/satProblems/uf50-218/uf50-0256.yos|0|yes_satisf|50|218|654|74|
/home/jose/datos/satInstances/satProblems/uf50-218/uf50-0257.yos|0.004|yes_satisf|50|218|654|87|
/home/jose/datos/satInstances/satProblems/uf50-218/uf50-0258.yos|0.004|yes_satisf|50|218|654|101|
/home/jose/datos/satInstances/satProblems/uf50-218/uf50-0259.yos|0|yes_satisf|50|218|654|15|
/home/jose/datos/satInstances/satProblems/uf50-218/uf50-026.yos|0|yes_satisf|50|218|654|39|
/home/jose/datos/satInstances/satProblems/uf50-218/uf50-0260.yos|0|yes_satisf|50|218|654|6|
/home/jose/datos/satInstances/satProblems/uf50-218/uf50-0261.yos|0|yes_satisf|50|218|654|43|
/home/jose/datos/satInstances/satProblems/uf50-218/uf50-0262.yos|0.004001|yes_satisf|50|218|654|71|
/home/jose/datos/satInstances/satProblems/uf50-218/uf50-0263.yos|0|yes_satisf|50|218|654|122|
/home/jose/datos/satInstances/satProblems/uf50-218/uf50-0264.yos|0|yes_satisf|50|218|654|5|
/home/jose/datos/satInstances/satProblems/uf50-218/uf50-0265.yos|0|yes_satisf|50|218|654|22|
/home/jose/datos/satInstances/satProblems/uf50-218/uf50-0266.yos|0.004|yes_satisf|50|218|654|80|
/home/jose/datos/satInstances/satProblems/uf50-218/uf50-0267.yos|0|yes_satisf|50|218|654|40|
/home/jose/datos/satInstances/satProblems/uf50-218/uf50-0268.yos|0|yes_satisf|50|218|654|45|
/home/jose/datos/satInstances/satProblems/uf50-218/uf50-0269.yos|0|yes_satisf|50|218|654|4|
/home/jose/datos/satInstances/satProblems/uf50-218/uf50-027.yos|0|yes_satisf|50|218|654|10|
/home/jose/datos/satInstances/satProblems/uf50-218/uf50-0270.yos|0.004001|yes_satisf|50|218|654|101|
/home/jose/datos/satInstances/satProblems/uf50-218/uf50-0271.yos|0|yes_satisf|50|218|654|66|
/home/jose/datos/satInstances/satProblems/uf50-218/uf50-0272.yos|0.004|yes_satisf|50|218|654|48|
/home/jose/datos/satInstances/satProblems/uf50-218/uf50-0273.yos|0|yes_satisf|50|218|654|58|
/home/jose/datos/satInstances/satProblems/uf50-218/uf50-0274.yos|0.004|yes_satisf|50|218|654|46|
/home/jose/datos/satInstances/satProblems/uf50-218/uf50-0275.yos|0.004|yes_satisf|50|218|654|128|
/home/jose/datos/satInstances/satProblems/uf50-218/uf50-0276.yos|0|yes_satisf|50|218|654|26|
/home/jose/datos/satInstances/satProblems/uf50-218/uf50-0277.yos|0|yes_satisf|50|218|654|39|
/home/jose/datos/satInstances/satProblems/uf50-218/uf50-0278.yos|0|yes_satisf|50|218|654|32|
/home/jose/datos/satInstances/satProblems/uf50-218/uf50-0279.yos|0|yes_satisf|50|218|654|14|
/home/jose/datos/satInstances/satProblems/uf50-218/uf50-028.yos|0|yes_satisf|50|218|654|26|
/home/jose/datos/satInstances/satProblems/uf50-218/uf50-0280.yos|0.004|yes_satisf|50|218|654|19|
/home/jose/datos/satInstances/satProblems/uf50-218/uf50-0281.yos|0|yes_satisf|50|218|654|31|
/home/jose/datos/satInstances/satProblems/uf50-218/uf50-0282.yos|0|yes_satisf|50|218|654|4|
/home/jose/datos/satInstances/satProblems/uf50-218/uf50-0283.yos|0.004|yes_satisf|50|218|654|58|
/home/jose/datos/satInstances/satProblems/uf50-218/uf50-0284.yos|0|yes_satisf|50|218|654|72|
/home/jose/datos/satInstances/satProblems/uf50-218/uf50-0285.yos|0.004|yes_satisf|50|218|654|91|
/home/jose/datos/satInstances/satProblems/uf50-218/uf50-0286.yos|0.004001|yes_satisf|50|218|654|97|
/home/jose/datos/satInstances/satProblems/uf50-218/uf50-0287.yos|0|yes_satisf|50|218|654|98|
/home/jose/datos/satInstances/satProblems/uf50-218/uf50-0288.yos|0|yes_satisf|50|218|654|83|
/home/jose/datos/satInstances/satProblems/uf50-218/uf50-0289.yos|0.004|yes_satisf|50|218|654|153|
/home/jose/datos/satInstances/satProblems/uf50-218/uf50-029.yos|0.004|yes_satisf|50|218|654|86|
/home/jose/datos/satInstances/satProblems/uf50-218/uf50-0290.yos|0|yes_satisf|50|218|654|16|
/home/jose/datos/satInstances/satProblems/uf50-218/uf50-0291.yos|0|yes_satisf|50|218|654|3|
/home/jose/datos/satInstances/satProblems/uf50-218/uf50-0292.yos|0|yes_satisf|50|218|654|15|
/home/jose/datos/satInstances/satProblems/uf50-218/uf50-0293.yos|0|yes_satisf|50|218|654|80|
/home/jose/datos/satInstances/satProblems/uf50-218/uf50-0294.yos|0|yes_satisf|50|218|654|26|
/home/jose/datos/satInstances/satProblems/uf50-218/uf50-0295.yos|0|yes_satisf|50|218|654|61|
/home/jose/datos/satInstances/satProblems/uf50-218/uf50-0296.yos|0|yes_satisf|50|218|654|87|
/home/jose/datos/satInstances/satProblems/uf50-218/uf50-0297.yos|0|yes_satisf|50|218|654|107|
/home/jose/datos/satInstances/satProblems/uf50-218/uf50-0298.yos|0.004|yes_satisf|50|218|654|22|
/home/jose/datos/satInstances/satProblems/uf50-218/uf50-0299.yos|0|yes_satisf|50|218|654|22|
/home/jose/datos/satInstances/satProblems/uf50-218/uf50-03.yos|0.004001|yes_satisf|50|218|654|129|
/home/jose/datos/satInstances/satProblems/uf50-218/uf50-030.yos|0|yes_satisf|50|218|654|24|
/home/jose/datos/satInstances/satProblems/uf50-218/uf50-0300.yos|0|yes_satisf|50|218|654|17|
/home/jose/datos/satInstances/satProblems/uf50-218/uf50-0301.yos|0|yes_satisf|50|218|654|16|
/home/jose/datos/satInstances/satProblems/uf50-218/uf50-0302.yos|0|yes_satisf|50|218|654|59|
/home/jose/datos/satInstances/satProblems/uf50-218/uf50-0303.yos|0.004|yes_satisf|50|218|654|94|
/home/jose/datos/satInstances/satProblems/uf50-218/uf50-0304.yos|0|yes_satisf|50|218|654|2|
/home/jose/datos/satInstances/satProblems/uf50-218/uf50-0305.yos|0|yes_satisf|50|218|654|24|
/home/jose/datos/satInstances/satProblems/uf50-218/uf50-0306.yos|0|yes_satisf|50|218|654|43|
/home/jose/datos/satInstances/satProblems/uf50-218/uf50-0307.yos|0|yes_satisf|50|218|654|6|
/home/jose/datos/satInstances/satProblems/uf50-218/uf50-0308.yos|0.004001|yes_satisf|50|218|654|111|
/home/jose/datos/satInstances/satProblems/uf50-218/uf50-0309.yos|0|yes_satisf|50|218|654|54|
/home/jose/datos/satInstances/satProblems/uf50-218/uf50-031.yos|0|yes_satisf|50|218|654|46|
/home/jose/datos/satInstances/satProblems/uf50-218/uf50-0310.yos|0|yes_satisf|50|218|654|44|
/home/jose/datos/satInstances/satProblems/uf50-218/uf50-0311.yos|0.004|yes_satisf|50|218|654|80|
/home/jose/datos/satInstances/satProblems/uf50-218/uf50-0312.yos|0|yes_satisf|50|218|654|24|
/home/jose/datos/satInstances/satProblems/uf50-218/uf50-0313.yos|0|yes_satisf|50|218|654|17|
/home/jose/datos/satInstances/satProblems/uf50-218/uf50-0314.yos|0|yes_satisf|50|218|654|104|
/home/jose/datos/satInstances/satProblems/uf50-218/uf50-0315.yos|0.004001|yes_satisf|50|218|654|46|
/home/jose/datos/satInstances/satProblems/uf50-218/uf50-0316.yos|0|yes_satisf|50|218|654|24|
/home/jose/datos/satInstances/satProblems/uf50-218/uf50-0317.yos|0|yes_satisf|50|218|654|3|
/home/jose/datos/satInstances/satProblems/uf50-218/uf50-0318.yos|0.004|yes_satisf|50|218|654|46|
/home/jose/datos/satInstances/satProblems/uf50-218/uf50-0319.yos|0|yes_satisf|50|218|654|36|
/home/jose/datos/satInstances/satProblems/uf50-218/uf50-032.yos|0|yes_satisf|50|218|654|27|
/home/jose/datos/satInstances/satProblems/uf50-218/uf50-0320.yos|0.004|yes_satisf|50|218|654|19|
/home/jose/datos/satInstances/satProblems/uf50-218/uf50-0321.yos|0|yes_satisf|50|218|654|70|
/home/jose/datos/satInstances/satProblems/uf50-218/uf50-0322.yos|0|yes_satisf|50|218|654|8|
/home/jose/datos/satInstances/satProblems/uf50-218/uf50-0323.yos|0|yes_satisf|50|218|654|44|
/home/jose/datos/satInstances/satProblems/uf50-218/uf50-0324.yos|0|yes_satisf|50|218|654|32|
/home/jose/datos/satInstances/satProblems/uf50-218/uf50-0325.yos|0.004001|yes_satisf|50|218|654|40|
/home/jose/datos/satInstances/satProblems/uf50-218/uf50-0326.yos|0.004|yes_satisf|50|218|654|143|
/home/jose/datos/satInstances/satProblems/uf50-218/uf50-0327.yos|0|yes_satisf|50|218|654|18|
/home/jose/datos/satInstances/satProblems/uf50-218/uf50-0328.yos|0.004|yes_satisf|50|218|654|99|
/home/jose/datos/satInstances/satProblems/uf50-218/uf50-0329.yos|0|yes_satisf|50|218|654|2|
/home/jose/datos/satInstances/satProblems/uf50-218/uf50-033.yos|0|yes_satisf|50|218|654|44|
/home/jose/datos/satInstances/satProblems/uf50-218/uf50-0330.yos|0|yes_satisf|50|218|654|3|
/home/jose/datos/satInstances/satProblems/uf50-218/uf50-0331.yos|0|yes_satisf|50|218|654|25|
/home/jose/datos/satInstances/satProblems/uf50-218/uf50-0332.yos|0|yes_satisf|50|218|654|15|
/home/jose/datos/satInstances/satProblems/uf50-218/uf50-0333.yos|0|yes_satisf|50|218|654|10|
/home/jose/datos/satInstances/satProblems/uf50-218/uf50-0334.yos|0|yes_satisf|50|218|654|19|
/home/jose/datos/satInstances/satProblems/uf50-218/uf50-0335.yos|0|yes_satisf|50|218|654|3|
/home/jose/datos/satInstances/satProblems/uf50-218/uf50-0336.yos|0|yes_satisf|50|218|654|38|
/home/jose/datos/satInstances/satProblems/uf50-218/uf50-0337.yos|0.004|yes_satisf|50|218|654|89|
/home/jose/datos/satInstances/satProblems/uf50-218/uf50-0338.yos|0|yes_satisf|50|218|654|31|
/home/jose/datos/satInstances/satProblems/uf50-218/uf50-0339.yos|0|yes_satisf|50|218|654|87|
/home/jose/datos/satInstances/satProblems/uf50-218/uf50-034.yos|0|yes_satisf|50|218|654|39|
/home/jose/datos/satInstances/satProblems/uf50-218/uf50-0340.yos|0|yes_satisf|50|218|654|132|
/home/jose/datos/satInstances/satProblems/uf50-218/uf50-0341.yos|0|yes_satisf|50|218|654|56|
/home/jose/datos/satInstances/satProblems/uf50-218/uf50-0342.yos|0|yes_satisf|50|218|654|39|
/home/jose/datos/satInstances/satProblems/uf50-218/uf50-0343.yos|0.004|yes_satisf|50|218|654|89|
/home/jose/datos/satInstances/satProblems/uf50-218/uf50-0344.yos|0|yes_satisf|50|218|654|78|
/home/jose/datos/satInstances/satProblems/uf50-218/uf50-0345.yos|0|yes_satisf|50|218|654|75|
/home/jose/datos/satInstances/satProblems/uf50-218/uf50-0346.yos|0|yes_satisf|50|218|654|56|
/home/jose/datos/satInstances/satProblems/uf50-218/uf50-0347.yos|0|yes_satisf|50|218|654|21|
/home/jose/datos/satInstances/satProblems/uf50-218/uf50-0348.yos|0|yes_satisf|50|218|654|9|
/home/jose/datos/satInstances/satProblems/uf50-218/uf50-0349.yos|0.004001|yes_satisf|50|218|654|68|
/home/jose/datos/satInstances/satProblems/uf50-218/uf50-035.yos|0|yes_satisf|50|218|654|5|
/home/jose/datos/satInstances/satProblems/uf50-218/uf50-0350.yos|0|yes_satisf|50|218|654|76|
/home/jose/datos/satInstances/satProblems/uf50-218/uf50-0351.yos|0|yes_satisf|50|218|654|5|
/home/jose/datos/satInstances/satProblems/uf50-218/uf50-0352.yos|0|yes_satisf|50|218|654|12|
/home/jose/datos/satInstances/satProblems/uf50-218/uf50-0353.yos|0|yes_satisf|50|218|654|27|
/home/jose/datos/satInstances/satProblems/uf50-218/uf50-0354.yos|0|yes_satisf|50|218|654|9|
/home/jose/datos/satInstances/satProblems/uf50-218/uf50-0355.yos|0|yes_satisf|50|218|654|31|
/home/jose/datos/satInstances/satProblems/uf50-218/uf50-0356.yos|0|yes_satisf|50|218|654|95|
/home/jose/datos/satInstances/satProblems/uf50-218/uf50-0357.yos|0|yes_satisf|50|218|654|70|
/home/jose/datos/satInstances/satProblems/uf50-218/uf50-0358.yos|0.004001|yes_satisf|50|218|654|150|
/home/jose/datos/satInstances/satProblems/uf50-218/uf50-0359.yos|0.004|yes_satisf|50|218|654|130|
/home/jose/datos/satInstances/satProblems/uf50-218/uf50-036.yos|0.004|yes_satisf|50|218|654|125|
/home/jose/datos/satInstances/satProblems/uf50-218/uf50-0360.yos|0|yes_satisf|50|218|654|46|
/home/jose/datos/satInstances/satProblems/uf50-218/uf50-0361.yos|0.004|yes_satisf|50|218|654|35|
/home/jose/datos/satInstances/satProblems/uf50-218/uf50-0362.yos|0|yes_satisf|50|218|654|10|
/home/jose/datos/satInstances/satProblems/uf50-218/uf50-0363.yos|0|yes_satisf|50|218|654|48|
/home/jose/datos/satInstances/satProblems/uf50-218/uf50-0364.yos|0|yes_satisf|50|218|654|65|
/home/jose/datos/satInstances/satProblems/uf50-218/uf50-0365.yos|0|yes_satisf|50|218|654|32|
/home/jose/datos/satInstances/satProblems/uf50-218/uf50-0366.yos|0.004|yes_satisf|50|218|654|37|
/home/jose/datos/satInstances/satProblems/uf50-218/uf50-0367.yos|0|yes_satisf|50|218|654|35|
/home/jose/datos/satInstances/satProblems/uf50-218/uf50-0368.yos|0|yes_satisf|50|218|654|59|
/home/jose/datos/satInstances/satProblems/uf50-218/uf50-0369.yos|0|yes_satisf|50|218|654|55|
/home/jose/datos/satInstances/satProblems/uf50-218/uf50-037.yos|0|yes_satisf|50|218|654|9|
/home/jose/datos/satInstances/satProblems/uf50-218/uf50-0370.yos|0.004|yes_satisf|50|218|654|37|
/home/jose/datos/satInstances/satProblems/uf50-218/uf50-0371.yos|0|yes_satisf|50|218|654|67|
/home/jose/datos/satInstances/satProblems/uf50-218/uf50-0372.yos|0|yes_satisf|50|218|654|6|
/home/jose/datos/satInstances/satProblems/uf50-218/uf50-0373.yos|0|yes_satisf|50|218|654|12|
/home/jose/datos/satInstances/satProblems/uf50-218/uf50-0374.yos|0|yes_satisf|50|218|654|103|
/home/jose/datos/satInstances/satProblems/uf50-218/uf50-0375.yos|0.004|yes_satisf|50|218|654|54|
/home/jose/datos/satInstances/satProblems/uf50-218/uf50-0376.yos|0|yes_satisf|50|218|654|53|
/home/jose/datos/satInstances/satProblems/uf50-218/uf50-0377.yos|0.004|yes_satisf|50|218|654|24|
/home/jose/datos/satInstances/satProblems/uf50-218/uf50-0378.yos|0|yes_satisf|50|218|654|2|
/home/jose/datos/satInstances/satProblems/uf50-218/uf50-0379.yos|0|yes_satisf|50|218|654|35|
/home/jose/datos/satInstances/satProblems/uf50-218/uf50-038.yos|0.004|yes_satisf|50|218|654|32|
/home/jose/datos/satInstances/satProblems/uf50-218/uf50-0380.yos|0|yes_satisf|50|218|654|78|
/home/jose/datos/satInstances/satProblems/uf50-218/uf50-0381.yos|0.004001|yes_satisf|50|218|654|39|
/home/jose/datos/satInstances/satProblems/uf50-218/uf50-0382.yos|0|yes_satisf|50|218|654|28|
/home/jose/datos/satInstances/satProblems/uf50-218/uf50-0383.yos|0|yes_satisf|50|218|654|21|
/home/jose/datos/satInstances/satProblems/uf50-218/uf50-0384.yos|0.004|yes_satisf|50|218|654|80|
/home/jose/datos/satInstances/satProblems/uf50-218/uf50-0385.yos|0|yes_satisf|50|218|654|56|
/home/jose/datos/satInstances/satProblems/uf50-218/uf50-0386.yos|0|yes_satisf|50|218|654|15|
/home/jose/datos/satInstances/satProblems/uf50-218/uf50-0387.yos|0|yes_satisf|50|218|654|36|
/home/jose/datos/satInstances/satProblems/uf50-218/uf50-0388.yos|0|yes_satisf|50|218|654|43|
/home/jose/datos/satInstances/satProblems/uf50-218/uf50-0389.yos|0|yes_satisf|50|218|654|85|
/home/jose/datos/satInstances/satProblems/uf50-218/uf50-039.yos|0|yes_satisf|50|218|654|23|
/home/jose/datos/satInstances/satProblems/uf50-218/uf50-0390.yos|0|yes_satisf|50|218|654|54|
/home/jose/datos/satInstances/satProblems/uf50-218/uf50-0391.yos|0|yes_satisf|50|218|654|78|
/home/jose/datos/satInstances/satProblems/uf50-218/uf50-0392.yos|0|yes_satisf|50|218|654|16|
/home/jose/datos/satInstances/satProblems/uf50-218/uf50-0393.yos|0|yes_satisf|50|218|654|30|
/home/jose/datos/satInstances/satProblems/uf50-218/uf50-0394.yos|0|yes_satisf|50|218|654|6|
/home/jose/datos/satInstances/satProblems/uf50-218/uf50-0395.yos|0.004|yes_satisf|50|218|654|21|
/home/jose/datos/satInstances/satProblems/uf50-218/uf50-0396.yos|0|yes_satisf|50|218|654|5|
/home/jose/datos/satInstances/satProblems/uf50-218/uf50-0397.yos|0|yes_satisf|50|218|654|21|
/home/jose/datos/satInstances/satProblems/uf50-218/uf50-0398.yos|0.004|yes_satisf|50|218|654|78|
/home/jose/datos/satInstances/satProblems/uf50-218/uf50-0399.yos|0|yes_satisf|50|218|654|82|
/home/jose/datos/satInstances/satProblems/uf50-218/uf50-04.yos|0|yes_satisf|50|218|654|108|
/home/jose/datos/satInstances/satProblems/uf50-218/uf50-040.yos|0|yes_satisf|50|218|654|13|
/home/jose/datos/satInstances/satProblems/uf50-218/uf50-0400.yos|0|yes_satisf|50|218|654|46|
/home/jose/datos/satInstances/satProblems/uf50-218/uf50-0401.yos|0.004|yes_satisf|50|218|654|204|
/home/jose/datos/satInstances/satProblems/uf50-218/uf50-0402.yos|0|yes_satisf|50|218|654|16|
/home/jose/datos/satInstances/satProblems/uf50-218/uf50-0403.yos|0|yes_satisf|50|218|654|129|
/home/jose/datos/satInstances/satProblems/uf50-218/uf50-0404.yos|0|yes_satisf|50|218|654|65|
/home/jose/datos/satInstances/satProblems/uf50-218/uf50-0405.yos|0|yes_satisf|50|218|654|7|
/home/jose/datos/satInstances/satProblems/uf50-218/uf50-0406.yos|0|yes_satisf|50|218|654|1|
/home/jose/datos/satInstances/satProblems/uf50-218/uf50-0407.yos|0.004|yes_satisf|50|218|654|6|
/home/jose/datos/satInstances/satProblems/uf50-218/uf50-0408.yos|0|yes_satisf|50|218|654|118|
/home/jose/datos/satInstances/satProblems/uf50-218/uf50-0409.yos|0|yes_satisf|50|218|654|46|
/home/jose/datos/satInstances/satProblems/uf50-218/uf50-041.yos|0|yes_satisf|50|218|654|19|
/home/jose/datos/satInstances/satProblems/uf50-218/uf50-0410.yos|0|yes_satisf|50|218|654|21|
/home/jose/datos/satInstances/satProblems/uf50-218/uf50-0411.yos|0|yes_satisf|50|218|654|39|
/home/jose/datos/satInstances/satProblems/uf50-218/uf50-0412.yos|0|yes_satisf|50|218|654|89|
/home/jose/datos/satInstances/satProblems/uf50-218/uf50-0413.yos|0|yes_satisf|50|218|654|18|
/home/jose/datos/satInstances/satProblems/uf50-218/uf50-0414.yos|0|yes_satisf|50|218|654|20|
/home/jose/datos/satInstances/satProblems/uf50-218/uf50-0415.yos|0|yes_satisf|50|218|654|4|
/home/jose/datos/satInstances/satProblems/uf50-218/uf50-0416.yos|0|yes_satisf|50|218|654|61|
/home/jose/datos/satInstances/satProblems/uf50-218/uf50-0417.yos|0|yes_satisf|50|218|654|3|
/home/jose/datos/satInstances/satProblems/uf50-218/uf50-0418.yos|0.004|yes_satisf|50|218|654|68|
/home/jose/datos/satInstances/satProblems/uf50-218/uf50-0419.yos|0|yes_satisf|50|218|654|79|
/home/jose/datos/satInstances/satProblems/uf50-218/uf50-042.yos|0.004|yes_satisf|50|218|654|95|
/home/jose/datos/satInstances/satProblems/uf50-218/uf50-0420.yos|0|yes_satisf|50|218|654|19|
/home/jose/datos/satInstances/satProblems/uf50-218/uf50-0421.yos|0.004001|yes_satisf|50|218|654|112|
/home/jose/datos/satInstances/satProblems/uf50-218/uf50-0422.yos|0.004|yes_satisf|50|218|654|92|
/home/jose/datos/satInstances/satProblems/uf50-218/uf50-0423.yos|0|yes_satisf|50|218|654|16|
/home/jose/datos/satInstances/satProblems/uf50-218/uf50-0424.yos|0|yes_satisf|50|218|654|16|
/home/jose/datos/satInstances/satProblems/uf50-218/uf50-0425.yos|0.004|yes_satisf|50|218|654|81|
/home/jose/datos/satInstances/satProblems/uf50-218/uf50-0426.yos|0|yes_satisf|50|218|654|30|
/home/jose/datos/satInstances/satProblems/uf50-218/uf50-0427.yos|0.004|yes_satisf|50|218|654|46|
/home/jose/datos/satInstances/satProblems/uf50-218/uf50-0428.yos|0|yes_satisf|50|218|654|62|
/home/jose/datos/satInstances/satProblems/uf50-218/uf50-0429.yos|0.004001|yes_satisf|50|218|654|45|
/home/jose/datos/satInstances/satProblems/uf50-218/uf50-043.yos|0|yes_satisf|50|218|654|87|
/home/jose/datos/satInstances/satProblems/uf50-218/uf50-0430.yos|0.004|yes_satisf|50|218|654|67|
/home/jose/datos/satInstances/satProblems/uf50-218/uf50-0431.yos|0|yes_satisf|50|218|654|13|
/home/jose/datos/satInstances/satProblems/uf50-218/uf50-0432.yos|0|yes_satisf|50|218|654|3|
/home/jose/datos/satInstances/satProblems/uf50-218/uf50-0433.yos|0.004|yes_satisf|50|218|654|28|
/home/jose/datos/satInstances/satProblems/uf50-218/uf50-0434.yos|0|yes_satisf|50|218|654|40|
/home/jose/datos/satInstances/satProblems/uf50-218/uf50-0435.yos|0.004|yes_satisf|50|218|654|162|
/home/jose/datos/satInstances/satProblems/uf50-218/uf50-0436.yos|0.004001|yes_satisf|50|218|654|73|
/home/jose/datos/satInstances/satProblems/uf50-218/uf50-0437.yos|0|yes_satisf|50|218|654|16|
/home/jose/datos/satInstances/satProblems/uf50-218/uf50-0438.yos|0|yes_satisf|50|218|654|1|
/home/jose/datos/satInstances/satProblems/uf50-218/uf50-0439.yos|0|yes_satisf|50|218|654|6|
/home/jose/datos/satInstances/satProblems/uf50-218/uf50-044.yos|0|yes_satisf|50|218|654|22|
/home/jose/datos/satInstances/satProblems/uf50-218/uf50-0440.yos|0|yes_satisf|50|218|654|79|
/home/jose/datos/satInstances/satProblems/uf50-218/uf50-0441.yos|0|yes_satisf|50|218|654|40|
/home/jose/datos/satInstances/satProblems/uf50-218/uf50-0442.yos|0.004|yes_satisf|50|218|654|145|
/home/jose/datos/satInstances/satProblems/uf50-218/uf50-0443.yos|0|yes_satisf|50|218|654|111|
/home/jose/datos/satInstances/satProblems/uf50-218/uf50-0444.yos|0|yes_satisf|50|218|654|22|
/home/jose/datos/satInstances/satProblems/uf50-218/uf50-0445.yos|0|yes_satisf|50|218|654|22|
/home/jose/datos/satInstances/satProblems/uf50-218/uf50-0446.yos|0.004|yes_satisf|50|218|654|76|
/home/jose/datos/satInstances/satProblems/uf50-218/uf50-0447.yos|0|yes_satisf|50|218|654|49|
/home/jose/datos/satInstances/satProblems/uf50-218/uf50-0448.yos|0.004|yes_satisf|50|218|654|51|
/home/jose/datos/satInstances/satProblems/uf50-218/uf50-0449.yos|0|yes_satisf|50|218|654|12|
/home/jose/datos/satInstances/satProblems/uf50-218/uf50-045.yos|0|yes_satisf|50|218|654|12|
/home/jose/datos/satInstances/satProblems/uf50-218/uf50-0450.yos|0.004|yes_satisf|50|218|654|56|
/home/jose/datos/satInstances/satProblems/uf50-218/uf50-0451.yos|0|yes_satisf|50|218|654|33|
/home/jose/datos/satInstances/satProblems/uf50-218/uf50-0452.yos|0|yes_satisf|50|218|654|33|
/home/jose/datos/satInstances/satProblems/uf50-218/uf50-0453.yos|0.004001|yes_satisf|50|218|654|8|
/home/jose/datos/satInstances/satProblems/uf50-218/uf50-0454.yos|0|yes_satisf|50|218|654|39|
/home/jose/datos/satInstances/satProblems/uf50-218/uf50-0455.yos|0.004|yes_satisf|50|218|654|85|
/home/jose/datos/satInstances/satProblems/uf50-218/uf50-0456.yos|0|yes_satisf|50|218|654|18|
/home/jose/datos/satInstances/satProblems/uf50-218/uf50-0457.yos|0|yes_satisf|50|218|654|13|
/home/jose/datos/satInstances/satProblems/uf50-218/uf50-0458.yos|0|yes_satisf|50|218|654|4|
/home/jose/datos/satInstances/satProblems/uf50-218/uf50-0459.yos|0|yes_satisf|50|218|654|62|
/home/jose/datos/satInstances/satProblems/uf50-218/uf50-046.yos|0|yes_satisf|50|218|654|19|
/home/jose/datos/satInstances/satProblems/uf50-218/uf50-0460.yos|0.004|yes_satisf|50|218|654|56|
/home/jose/datos/satInstances/satProblems/uf50-218/uf50-0461.yos|0|yes_satisf|50|218|654|18|
/home/jose/datos/satInstances/satProblems/uf50-218/uf50-0462.yos|0|yes_satisf|50|218|654|10|
/home/jose/datos/satInstances/satProblems/uf50-218/uf50-0463.yos|0.004001|yes_satisf|50|218|654|35|
/home/jose/datos/satInstances/satProblems/uf50-218/uf50-0464.yos|0|yes_satisf|50|218|654|24|
/home/jose/datos/satInstances/satProblems/uf50-218/uf50-0465.yos|0|yes_satisf|50|218|654|42|
/home/jose/datos/satInstances/satProblems/uf50-218/uf50-0466.yos|0.004|yes_satisf|50|218|654|73|
/home/jose/datos/satInstances/satProblems/uf50-218/uf50-0467.yos|0|yes_satisf|50|218|654|31|
/home/jose/datos/satInstances/satProblems/uf50-218/uf50-0468.yos|0|yes_satisf|50|218|654|9|
/home/jose/datos/satInstances/satProblems/uf50-218/uf50-0469.yos|0|yes_satisf|50|218|654|52|
/home/jose/datos/satInstances/satProblems/uf50-218/uf50-047.yos|0.004|yes_satisf|50|218|654|121|
/home/jose/datos/satInstances/satProblems/uf50-218/uf50-0470.yos|0|yes_satisf|50|218|654|37|
/home/jose/datos/satInstances/satProblems/uf50-218/uf50-0471.yos|0.004001|yes_satisf|50|218|654|197|
/home/jose/datos/satInstances/satProblems/uf50-218/uf50-0472.yos|0|yes_satisf|50|218|654|70|
/home/jose/datos/satInstances/satProblems/uf50-218/uf50-0473.yos|0|yes_satisf|50|218|654|15|
/home/jose/datos/satInstances/satProblems/uf50-218/uf50-0474.yos|0.004|yes_satisf|50|218|654|30|
/home/jose/datos/satInstances/satProblems/uf50-218/uf50-0475.yos|0|yes_satisf|50|218|654|50|
/home/jose/datos/satInstances/satProblems/uf50-218/uf50-0476.yos|0|yes_satisf|50|218|654|22|
/home/jose/datos/satInstances/satProblems/uf50-218/uf50-0477.yos|0|yes_satisf|50|218|654|59|
/home/jose/datos/satInstances/satProblems/uf50-218/uf50-0478.yos|0.004001|yes_satisf|50|218|654|144|
/home/jose/datos/satInstances/satProblems/uf50-218/uf50-0479.yos|0|yes_satisf|50|218|654|5|
/home/jose/datos/satInstances/satProblems/uf50-218/uf50-048.yos|0.004|yes_satisf|50|218|654|187|
/home/jose/datos/satInstances/satProblems/uf50-218/uf50-0480.yos|0|yes_satisf|50|218|654|127|
/home/jose/datos/satInstances/satProblems/uf50-218/uf50-0481.yos|0.004|yes_satisf|50|218|654|22|
/home/jose/datos/satInstances/satProblems/uf50-218/uf50-0482.yos|0|yes_satisf|50|218|654|54|
/home/jose/datos/satInstances/satProblems/uf50-218/uf50-0483.yos|0|yes_satisf|50|218|654|1|
/home/jose/datos/satInstances/satProblems/uf50-218/uf50-0484.yos|0.004001|yes_satisf|50|218|654|176|
/home/jose/datos/satInstances/satProblems/uf50-218/uf50-0485.yos|0|yes_satisf|50|218|654|10|
/home/jose/datos/satInstances/satProblems/uf50-218/uf50-0486.yos|0|yes_satisf|50|218|654|69|
/home/jose/datos/satInstances/satProblems/uf50-218/uf50-0487.yos|0.004|yes_satisf|50|218|654|38|
/home/jose/datos/satInstances/satProblems/uf50-218/uf50-0488.yos|0|yes_satisf|50|218|654|27|
/home/jose/datos/satInstances/satProblems/uf50-218/uf50-0489.yos|0|yes_satisf|50|218|654|3|
/home/jose/datos/satInstances/satProblems/uf50-218/uf50-049.yos|0.004|yes_satisf|50|218|654|33|
/home/jose/datos/satInstances/satProblems/uf50-218/uf50-0490.yos|0|yes_satisf|50|218|654|38|
/home/jose/datos/satInstances/satProblems/uf50-218/uf50-0491.yos|0|yes_satisf|50|218|654|13|
/home/jose/datos/satInstances/satProblems/uf50-218/uf50-0492.yos|0|yes_satisf|50|218|654|5|
/home/jose/datos/satInstances/satProblems/uf50-218/uf50-0493.yos|0|yes_satisf|50|218|654|13|
/home/jose/datos/satInstances/satProblems/uf50-218/uf50-0494.yos|0|yes_satisf|50|218|654|75|
/home/jose/datos/satInstances/satProblems/uf50-218/uf50-0495.yos|0.004|yes_satisf|50|218|654|50|
/home/jose/datos/satInstances/satProblems/uf50-218/uf50-0496.yos|0|yes_satisf|50|218|654|47|
/home/jose/datos/satInstances/satProblems/uf50-218/uf50-0497.yos|0.004|yes_satisf|50|218|654|40|
/home/jose/datos/satInstances/satProblems/uf50-218/uf50-0498.yos|0|yes_satisf|50|218|654|10|
/home/jose/datos/satInstances/satProblems/uf50-218/uf50-0499.yos|0|yes_satisf|50|218|654|61|
/home/jose/datos/satInstances/satProblems/uf50-218/uf50-05.yos|0|yes_satisf|50|218|654|7|
/home/jose/datos/satInstances/satProblems/uf50-218/uf50-050.yos|0|yes_satisf|50|218|654|74|
/home/jose/datos/satInstances/satProblems/uf50-218/uf50-0500.yos|0.004001|yes_satisf|50|218|654|84|
/home/jose/datos/satInstances/satProblems/uf50-218/uf50-0501.yos|0.004|yes_satisf|50|218|654|98|
/home/jose/datos/satInstances/satProblems/uf50-218/uf50-0502.yos|0|yes_satisf|50|218|654|73|
/home/jose/datos/satInstances/satProblems/uf50-218/uf50-0503.yos|0.004|yes_satisf|50|218|654|73|
/home/jose/datos/satInstances/satProblems/uf50-218/uf50-0504.yos|0|yes_satisf|50|218|654|10|
/home/jose/datos/satInstances/satProblems/uf50-218/uf50-0505.yos|0|yes_satisf|50|218|654|25|
/home/jose/datos/satInstances/satProblems/uf50-218/uf50-0506.yos|0|yes_satisf|50|218|654|2|
/home/jose/datos/satInstances/satProblems/uf50-218/uf50-0507.yos|0|yes_satisf|50|218|654|24|
/home/jose/datos/satInstances/satProblems/uf50-218/uf50-0508.yos|0|yes_satisf|50|218|654|53|
/home/jose/datos/satInstances/satProblems/uf50-218/uf50-0509.yos|0.004|yes_satisf|50|218|654|7|
/home/jose/datos/satInstances/satProblems/uf50-218/uf50-051.yos|0|yes_satisf|50|218|654|15|
/home/jose/datos/satInstances/satProblems/uf50-218/uf50-0510.yos|0|yes_satisf|50|218|654|29|
/home/jose/datos/satInstances/satProblems/uf50-218/uf50-0511.yos|0|yes_satisf|50|218|654|28|
/home/jose/datos/satInstances/satProblems/uf50-218/uf50-0512.yos|0|yes_satisf|50|218|654|0|
/home/jose/datos/satInstances/satProblems/uf50-218/uf50-0513.yos|0|yes_satisf|50|218|654|38|
/home/jose/datos/satInstances/satProblems/uf50-218/uf50-0514.yos|0.004001|yes_satisf|50|218|654|57|
/home/jose/datos/satInstances/satProblems/uf50-218/uf50-0515.yos|0|yes_satisf|50|218|654|43|
/home/jose/datos/satInstances/satProblems/uf50-218/uf50-0516.yos|0|yes_satisf|50|218|654|13|
/home/jose/datos/satInstances/satProblems/uf50-218/uf50-0517.yos|0.004|yes_satisf|50|218|654|142|
/home/jose/datos/satInstances/satProblems/uf50-218/uf50-0518.yos|0|yes_satisf|50|218|654|24|
/home/jose/datos/satInstances/satProblems/uf50-218/uf50-0519.yos|0|yes_satisf|50|218|654|18|
/home/jose/datos/satInstances/satProblems/uf50-218/uf50-052.yos|0.004|yes_satisf|50|218|654|143|
/home/jose/datos/satInstances/satProblems/uf50-218/uf50-0520.yos|0.004001|yes_satisf|50|218|654|105|
/home/jose/datos/satInstances/satProblems/uf50-218/uf50-0521.yos|0|yes_satisf|50|218|654|4|
/home/jose/datos/satInstances/satProblems/uf50-218/uf50-0522.yos|0|yes_satisf|50|218|654|49|
/home/jose/datos/satInstances/satProblems/uf50-218/uf50-0523.yos|0.004|yes_satisf|50|218|654|80|
/home/jose/datos/satInstances/satProblems/uf50-218/uf50-0524.yos|0|yes_satisf|50|218|654|37|
/home/jose/datos/satInstances/satProblems/uf50-218/uf50-0525.yos|0|yes_satisf|50|218|654|17|
/home/jose/datos/satInstances/satProblems/uf50-218/uf50-0526.yos|0|yes_satisf|50|218|654|13|
/home/jose/datos/satInstances/satProblems/uf50-218/uf50-0527.yos|0|yes_satisf|50|218|654|25|
/home/jose/datos/satInstances/satProblems/uf50-218/uf50-0528.yos|0.004|yes_satisf|50|218|654|56|
/home/jose/datos/satInstances/satProblems/uf50-218/uf50-0529.yos|0|yes_satisf|50|218|654|48|
/home/jose/datos/satInstances/satProblems/uf50-218/uf50-053.yos|0|yes_satisf|50|218|654|40|
/home/jose/datos/satInstances/satProblems/uf50-218/uf50-0530.yos|0|yes_satisf|50|218|654|147|
/home/jose/datos/satInstances/satProblems/uf50-218/uf50-0531.yos|0|yes_satisf|50|218|654|26|
/home/jose/datos/satInstances/satProblems/uf50-218/uf50-0532.yos|0|yes_satisf|50|218|654|15|
/home/jose/datos/satInstances/satProblems/uf50-218/uf50-0533.yos|0|yes_satisf|50|218|654|47|
/home/jose/datos/satInstances/satProblems/uf50-218/uf50-0534.yos|0|yes_satisf|50|218|654|119|
/home/jose/datos/satInstances/satProblems/uf50-218/uf50-0535.yos|0|yes_satisf|50|218|654|83|
/home/jose/datos/satInstances/satProblems/uf50-218/uf50-0536.yos|0|yes_satisf|50|218|654|9|
/home/jose/datos/satInstances/satProblems/uf50-218/uf50-0537.yos|0|yes_satisf|50|218|654|24|
/home/jose/datos/satInstances/satProblems/uf50-218/uf50-0538.yos|0|yes_satisf|50|218|654|74|
/home/jose/datos/satInstances/satProblems/uf50-218/uf50-0539.yos|0|yes_satisf|50|218|654|25|
/home/jose/datos/satInstances/satProblems/uf50-218/uf50-054.yos|0|yes_satisf|50|218|654|85|
/home/jose/datos/satInstances/satProblems/uf50-218/uf50-0540.yos|0|yes_satisf|50|218|654|63|
/home/jose/datos/satInstances/satProblems/uf50-218/uf50-0541.yos|0|yes_satisf|50|218|654|32|
/home/jose/datos/satInstances/satProblems/uf50-218/uf50-0542.yos|0|yes_satisf|50|218|654|41|
/home/jose/datos/satInstances/satProblems/uf50-218/uf50-0543.yos|0|yes_satisf|50|218|654|3|
/home/jose/datos/satInstances/satProblems/uf50-218/uf50-0544.yos|0.004001|yes_satisf|50|218|654|147|
/home/jose/datos/satInstances/satProblems/uf50-218/uf50-0545.yos|0|yes_satisf|50|218|654|26|
/home/jose/datos/satInstances/satProblems/uf50-218/uf50-0546.yos|0|yes_satisf|50|218|654|17|
/home/jose/datos/satInstances/satProblems/uf50-218/uf50-0547.yos|0.004|yes_satisf|50|218|654|38|
/home/jose/datos/satInstances/satProblems/uf50-218/uf50-0548.yos|0|yes_satisf|50|218|654|70|
/home/jose/datos/satInstances/satProblems/uf50-218/uf50-0549.yos|0.004|yes_satisf|50|218|654|63|
/home/jose/datos/satInstances/satProblems/uf50-218/uf50-055.yos|0|yes_satisf|50|218|654|113|
/home/jose/datos/satInstances/satProblems/uf50-218/uf50-0550.yos|0|yes_satisf|50|218|654|7|
/home/jose/datos/satInstances/satProblems/uf50-218/uf50-0551.yos|0|yes_satisf|50|218|654|115|
/home/jose/datos/satInstances/satProblems/uf50-218/uf50-0552.yos|0|yes_satisf|50|218|654|50|
/home/jose/datos/satInstances/satProblems/uf50-218/uf50-0553.yos|0|yes_satisf|50|218|654|64|
/home/jose/datos/satInstances/satProblems/uf50-218/uf50-0554.yos|0|yes_satisf|50|218|654|81|
/home/jose/datos/satInstances/satProblems/uf50-218/uf50-0555.yos|0|yes_satisf|50|218|654|22|
/home/jose/datos/satInstances/satProblems/uf50-218/uf50-0556.yos|0|yes_satisf|50|218|654|106|
/home/jose/datos/satInstances/satProblems/uf50-218/uf50-0557.yos|0.004|yes_satisf|50|218|654|75|
/home/jose/datos/satInstances/satProblems/uf50-218/uf50-0558.yos|0|yes_satisf|50|218|654|20|
/home/jose/datos/satInstances/satProblems/uf50-218/uf50-0559.yos|0|yes_satisf|50|218|654|37|
/home/jose/datos/satInstances/satProblems/uf50-218/uf50-056.yos|0|yes_satisf|50|218|654|66|
/home/jose/datos/satInstances/satProblems/uf50-218/uf50-0560.yos|0|yes_satisf|50|218|654|34|
/home/jose/datos/satInstances/satProblems/uf50-218/uf50-0561.yos|0|yes_satisf|50|218|654|38|
/home/jose/datos/satInstances/satProblems/uf50-218/uf50-0562.yos|0|yes_satisf|50|218|654|36|
/home/jose/datos/satInstances/satProblems/uf50-218/uf50-0563.yos|0.004|yes_satisf|50|218|654|32|
/home/jose/datos/satInstances/satProblems/uf50-218/uf50-0564.yos|0|yes_satisf|50|218|654|16|
/home/jose/datos/satInstances/satProblems/uf50-218/uf50-0565.yos|0|yes_satisf|50|218|654|23|
/home/jose/datos/satInstances/satProblems/uf50-218/uf50-0566.yos|0.004|yes_satisf|50|218|654|101|
/home/jose/datos/satInstances/satProblems/uf50-218/uf50-0567.yos|0|yes_satisf|50|218|654|28|
/home/jose/datos/satInstances/satProblems/uf50-218/uf50-0568.yos|0.004001|yes_satisf|50|218|654|83|
/home/jose/datos/satInstances/satProblems/uf50-218/uf50-0569.yos|0|yes_satisf|50|218|654|59|
/home/jose/datos/satInstances/satProblems/uf50-218/uf50-057.yos|0.004|yes_satisf|50|218|654|10|
/home/jose/datos/satInstances/satProblems/uf50-218/uf50-0570.yos|0|yes_satisf|50|218|654|14|
/home/jose/datos/satInstances/satProblems/uf50-218/uf50-0571.yos|0|yes_satisf|50|218|654|21|
/home/jose/datos/satInstances/satProblems/uf50-218/uf50-0572.yos|0.004|yes_satisf|50|218|654|109|
/home/jose/datos/satInstances/satProblems/uf50-218/uf50-0573.yos|0|yes_satisf|50|218|654|7|
/home/jose/datos/satInstances/satProblems/uf50-218/uf50-0574.yos|0|yes_satisf|50|218|654|33|
/home/jose/datos/satInstances/satProblems/uf50-218/uf50-0575.yos|0|yes_satisf|50|218|654|26|
/home/jose/datos/satInstances/satProblems/uf50-218/uf50-0576.yos|0|yes_satisf|50|218|654|39|
/home/jose/datos/satInstances/satProblems/uf50-218/uf50-0577.yos|0.004|yes_satisf|50|218|654|26|
/home/jose/datos/satInstances/satProblems/uf50-218/uf50-0578.yos|0|yes_satisf|50|218|654|0|
/home/jose/datos/satInstances/satProblems/uf50-218/uf50-0579.yos|0|yes_satisf|50|218|654|19|
/home/jose/datos/satInstances/satProblems/uf50-218/uf50-058.yos|0.004001|yes_satisf|50|218|654|70|
/home/jose/datos/satInstances/satProblems/uf50-218/uf50-0580.yos|0|yes_satisf|50|218|654|110|
/home/jose/datos/satInstances/satProblems/uf50-218/uf50-0581.yos|0|yes_satisf|50|218|654|45|
/home/jose/datos/satInstances/satProblems/uf50-218/uf50-0582.yos|0|yes_satisf|50|218|654|19|
/home/jose/datos/satInstances/satProblems/uf50-218/uf50-0583.yos|0|yes_satisf|50|218|654|10|
/home/jose/datos/satInstances/satProblems/uf50-218/uf50-0584.yos|0|yes_satisf|50|218|654|42|
/home/jose/datos/satInstances/satProblems/uf50-218/uf50-0585.yos|0|yes_satisf|50|218|654|71|
/home/jose/datos/satInstances/satProblems/uf50-218/uf50-0586.yos|0|yes_satisf|50|218|654|94|
/home/jose/datos/satInstances/satProblems/uf50-218/uf50-0587.yos|0|yes_satisf|50|218|654|27|
/home/jose/datos/satInstances/satProblems/uf50-218/uf50-0588.yos|0|yes_satisf|50|218|654|41|
/home/jose/datos/satInstances/satProblems/uf50-218/uf50-0589.yos|0|yes_satisf|50|218|654|24|
/home/jose/datos/satInstances/satProblems/uf50-218/uf50-059.yos|0.004|yes_satisf|50|218|654|41|
/home/jose/datos/satInstances/satProblems/uf50-218/uf50-0590.yos|0|yes_satisf|50|218|654|11|
/home/jose/datos/satInstances/satProblems/uf50-218/uf50-0591.yos|0|yes_satisf|50|218|654|4|
/home/jose/datos/satInstances/satProblems/uf50-218/uf50-0592.yos|0.004|yes_satisf|50|218|654|55|
/home/jose/datos/satInstances/satProblems/uf50-218/uf50-0593.yos|0|yes_satisf|50|218|654|7|
/home/jose/datos/satInstances/satProblems/uf50-218/uf50-0594.yos|0|yes_satisf|50|218|654|26|
/home/jose/datos/satInstances/satProblems/uf50-218/uf50-0595.yos|0.004|yes_satisf|50|218|654|137|
/home/jose/datos/satInstances/satProblems/uf50-218/uf50-0596.yos|0.004001|yes_satisf|50|218|654|39|
/home/jose/datos/satInstances/satProblems/uf50-218/uf50-0597.yos|0|yes_satisf|50|218|654|10|
/home/jose/datos/satInstances/satProblems/uf50-218/uf50-0598.yos|0|yes_satisf|50|218|654|3|
/home/jose/datos/satInstances/satProblems/uf50-218/uf50-0599.yos|0|yes_satisf|50|218|654|19|
/home/jose/datos/satInstances/satProblems/uf50-218/uf50-06.yos|0|yes_satisf|50|218|654|104|
/home/jose/datos/satInstances/satProblems/uf50-218/uf50-060.yos|0|yes_satisf|50|218|654|18|
/home/jose/datos/satInstances/satProblems/uf50-218/uf50-0600.yos|0|yes_satisf|50|218|654|68|
/home/jose/datos/satInstances/satProblems/uf50-218/uf50-0601.yos|0|yes_satisf|50|218|654|37|
/home/jose/datos/satInstances/satProblems/uf50-218/uf50-0602.yos|0|yes_satisf|50|218|654|7|
/home/jose/datos/satInstances/satProblems/uf50-218/uf50-0603.yos|0|yes_satisf|50|218|654|30|
/home/jose/datos/satInstances/satProblems/uf50-218/uf50-0604.yos|0|yes_satisf|50|218|654|39|
/home/jose/datos/satInstances/satProblems/uf50-218/uf50-0605.yos|0|yes_satisf|50|218|654|155|
/home/jose/datos/satInstances/satProblems/uf50-218/uf50-0606.yos|0|yes_satisf|50|218|654|78|
/home/jose/datos/satInstances/satProblems/uf50-218/uf50-0607.yos|0|yes_satisf|50|218|654|3|
/home/jose/datos/satInstances/satProblems/uf50-218/uf50-0608.yos|0|yes_satisf|50|218|654|15|
/home/jose/datos/satInstances/satProblems/uf50-218/uf50-0609.yos|0|yes_satisf|50|218|654|26|
/home/jose/datos/satInstances/satProblems/uf50-218/uf50-061.yos|0|yes_satisf|50|218|654|58|
/home/jose/datos/satInstances/satProblems/uf50-218/uf50-0610.yos|0.004|yes_satisf|50|218|654|72|
/home/jose/datos/satInstances/satProblems/uf50-218/uf50-0611.yos|0|yes_satisf|50|218|654|24|
/home/jose/datos/satInstances/satProblems/uf50-218/uf50-0612.yos|0|yes_satisf|50|218|654|15|
/home/jose/datos/satInstances/satProblems/uf50-218/uf50-0613.yos|0|yes_satisf|50|218|654|14|
/home/jose/datos/satInstances/satProblems/uf50-218/uf50-0614.yos|0|yes_satisf|50|218|654|60|
/home/jose/datos/satInstances/satProblems/uf50-218/uf50-0615.yos|0.004|yes_satisf|50|218|654|94|
/home/jose/datos/satInstances/satProblems/uf50-218/uf50-0616.yos|0|yes_satisf|50|218|654|13|
/home/jose/datos/satInstances/satProblems/uf50-218/uf50-0617.yos|0|yes_satisf|50|218|654|5|
/home/jose/datos/satInstances/satProblems/uf50-218/uf50-0618.yos|0|yes_satisf|50|218|654|14|
/home/jose/datos/satInstances/satProblems/uf50-218/uf50-0619.yos|0|yes_satisf|50|218|654|44|
/home/jose/datos/satInstances/satProblems/uf50-218/uf50-062.yos|0|yes_satisf|50|218|654|10|
/home/jose/datos/satInstances/satProblems/uf50-218/uf50-0620.yos|0|yes_satisf|50|218|654|94|
/home/jose/datos/satInstances/satProblems/uf50-218/uf50-0621.yos|0.004001|yes_satisf|50|218|654|67|
/home/jose/datos/satInstances/satProblems/uf50-218/uf50-0622.yos|0|yes_satisf|50|218|654|50|
/home/jose/datos/satInstances/satProblems/uf50-218/uf50-0623.yos|0.004|yes_satisf|50|218|654|91|
/home/jose/datos/satInstances/satProblems/uf50-218/uf50-0624.yos|0|yes_satisf|50|218|654|67|
/home/jose/datos/satInstances/satProblems/uf50-218/uf50-0625.yos|0.004|yes_satisf|50|218|654|43|
/home/jose/datos/satInstances/satProblems/uf50-218/uf50-0626.yos|0|yes_satisf|50|218|654|68|
/home/jose/datos/satInstances/satProblems/uf50-218/uf50-0627.yos|0.004|yes_satisf|50|218|654|104|
/home/jose/datos/satInstances/satProblems/uf50-218/uf50-0628.yos|0|yes_satisf|50|218|654|54|
/home/jose/datos/satInstances/satProblems/uf50-218/uf50-0629.yos|0|yes_satisf|50|218|654|51|
/home/jose/datos/satInstances/satProblems/uf50-218/uf50-063.yos|0|yes_satisf|50|218|654|15|
/home/jose/datos/satInstances/satProblems/uf50-218/uf50-0630.yos|0.004|yes_satisf|50|218|654|71|
/home/jose/datos/satInstances/satProblems/uf50-218/uf50-0631.yos|0|yes_satisf|50|218|654|22|
/home/jose/datos/satInstances/satProblems/uf50-218/uf50-0632.yos|0|yes_satisf|50|218|654|31|
/home/jose/datos/satInstances/satProblems/uf50-218/uf50-0633.yos|0.004|yes_satisf|50|218|654|12|
/home/jose/datos/satInstances/satProblems/uf50-218/uf50-0634.yos|0|yes_satisf|50|218|654|49|
/home/jose/datos/satInstances/satProblems/uf50-218/uf50-0635.yos|0|yes_satisf|50|218|654|6|
/home/jose/datos/satInstances/satProblems/uf50-218/uf50-0636.yos|0|yes_satisf|50|218|654|7|
/home/jose/datos/satInstances/satProblems/uf50-218/uf50-0637.yos|0|yes_satisf|50|218|654|29|
/home/jose/datos/satInstances/satProblems/uf50-218/uf50-0638.yos|0|yes_satisf|50|218|654|69|
/home/jose/datos/satInstances/satProblems/uf50-218/uf50-0639.yos|0|yes_satisf|50|218|654|54|
/home/jose/datos/satInstances/satProblems/uf50-218/uf50-064.yos|0|yes_satisf|50|218|654|64|
/home/jose/datos/satInstances/satProblems/uf50-218/uf50-0640.yos|0|yes_satisf|50|218|654|59|
/home/jose/datos/satInstances/satProblems/uf50-218/uf50-0641.yos|0|yes_satisf|50|218|654|23|
/home/jose/datos/satInstances/satProblems/uf50-218/uf50-0642.yos|0|yes_satisf|50|218|654|16|
/home/jose/datos/satInstances/satProblems/uf50-218/uf50-0643.yos|0|yes_satisf|50|218|654|67|
/home/jose/datos/satInstances/satProblems/uf50-218/uf50-0644.yos|0.004|yes_satisf|50|218|654|56|
/home/jose/datos/satInstances/satProblems/uf50-218/uf50-0645.yos|0|yes_satisf|50|218|654|66|
/home/jose/datos/satInstances/satProblems/uf50-218/uf50-0646.yos|0.004001|yes_satisf|50|218|654|51|
/home/jose/datos/satInstances/satProblems/uf50-218/uf50-0647.yos|0|yes_satisf|50|218|654|6|
/home/jose/datos/satInstances/satProblems/uf50-218/uf50-0648.yos|0|yes_satisf|50|218|654|81|
/home/jose/datos/satInstances/satProblems/uf50-218/uf50-0649.yos|0|yes_satisf|50|218|654|14|
/home/jose/datos/satInstances/satProblems/uf50-218/uf50-065.yos|0|yes_satisf|50|218|654|1|
/home/jose/datos/satInstances/satProblems/uf50-218/uf50-0650.yos|0|yes_satisf|50|218|654|0|
/home/jose/datos/satInstances/satProblems/uf50-218/uf50-0651.yos|0|yes_satisf|50|218|654|2|
/home/jose/datos/satInstances/satProblems/uf50-218/uf50-0652.yos|0|yes_satisf|50|218|654|3|
/home/jose/datos/satInstances/satProblems/uf50-218/uf50-0653.yos|0|yes_satisf|50|218|654|1|
/home/jose/datos/satInstances/satProblems/uf50-218/uf50-0654.yos|0|yes_satisf|50|218|654|25|
/home/jose/datos/satInstances/satProblems/uf50-218/uf50-0655.yos|0.004|yes_satisf|50|218|654|47|
/home/jose/datos/satInstances/satProblems/uf50-218/uf50-0656.yos|0|yes_satisf|50|218|654|3|
/home/jose/datos/satInstances/satProblems/uf50-218/uf50-0657.yos|0|yes_satisf|50|218|654|23|
/home/jose/datos/satInstances/satProblems/uf50-218/uf50-0658.yos|0.004001|yes_satisf|50|218|654|68|
/home/jose/datos/satInstances/satProblems/uf50-218/uf50-0659.yos|0|yes_satisf|50|218|654|28|
/home/jose/datos/satInstances/satProblems/uf50-218/uf50-066.yos|0.004|yes_satisf|50|218|654|92|
/home/jose/datos/satInstances/satProblems/uf50-218/uf50-0660.yos|0|yes_satisf|50|218|654|39|
/home/jose/datos/satInstances/satProblems/uf50-218/uf50-0661.yos|0.004|yes_satisf|50|218|654|53|
/home/jose/datos/satInstances/satProblems/uf50-218/uf50-0662.yos|0|yes_satisf|50|218|654|90|
/home/jose/datos/satInstances/satProblems/uf50-218/uf50-0663.yos|0|yes_satisf|50|218|654|26|
/home/jose/datos/satInstances/satProblems/uf50-218/uf50-0664.yos|0|yes_satisf|50|218|654|21|
/home/jose/datos/satInstances/satProblems/uf50-218/uf50-0665.yos|0|yes_satisf|50|218|654|2|
/home/jose/datos/satInstances/satProblems/uf50-218/uf50-0666.yos|0|yes_satisf|50|218|654|43|
/home/jose/datos/satInstances/satProblems/uf50-218/uf50-0667.yos|0|yes_satisf|50|218|654|75|
/home/jose/datos/satInstances/satProblems/uf50-218/uf50-0668.yos|0|yes_satisf|50|218|654|28|
/home/jose/datos/satInstances/satProblems/uf50-218/uf50-0669.yos|0|yes_satisf|50|218|654|39|
/home/jose/datos/satInstances/satProblems/uf50-218/uf50-067.yos|0|yes_satisf|50|218|654|21|
/home/jose/datos/satInstances/satProblems/uf50-218/uf50-0670.yos|0|yes_satisf|50|218|654|25|
/home/jose/datos/satInstances/satProblems/uf50-218/uf50-0671.yos|0|yes_satisf|50|218|654|26|
/home/jose/datos/satInstances/satProblems/uf50-218/uf50-0672.yos|0.004|yes_satisf|50|218|654|158|
/home/jose/datos/satInstances/satProblems/uf50-218/uf50-0673.yos|0|yes_satisf|50|218|654|7|
/home/jose/datos/satInstances/satProblems/uf50-218/uf50-0674.yos|0.004001|yes_satisf|50|218|654|85|
/home/jose/datos/satInstances/satProblems/uf50-218/uf50-0675.yos|0|yes_satisf|50|218|654|33|
/home/jose/datos/satInstances/satProblems/uf50-218/uf50-0676.yos|0|yes_satisf|50|218|654|6|
/home/jose/datos/satInstances/satProblems/uf50-218/uf50-0677.yos|0|yes_satisf|50|218|654|6|
/home/jose/datos/satInstances/satProblems/uf50-218/uf50-0678.yos|0|yes_satisf|50|218|654|25|
/home/jose/datos/satInstances/satProblems/uf50-218/uf50-0679.yos|0|yes_satisf|50|218|654|31|
/home/jose/datos/satInstances/satProblems/uf50-218/uf50-068.yos|0.004|yes_satisf|50|218|654|62|
/home/jose/datos/satInstances/satProblems/uf50-218/uf50-0680.yos|0|yes_satisf|50|218|654|50|
/home/jose/datos/satInstances/satProblems/uf50-218/uf50-0681.yos|0.004|yes_satisf|50|218|654|30|
/home/jose/datos/satInstances/satProblems/uf50-218/uf50-0682.yos|0|yes_satisf|50|218|654|6|
/home/jose/datos/satInstances/satProblems/uf50-218/uf50-0683.yos|0|yes_satisf|50|218|654|67|
/home/jose/datos/satInstances/satProblems/uf50-218/uf50-0684.yos|0|yes_satisf|50|218|654|131|
/home/jose/datos/satInstances/satProblems/uf50-218/uf50-0685.yos|0|yes_satisf|50|218|654|4|
/home/jose/datos/satInstances/satProblems/uf50-218/uf50-0686.yos|0|yes_satisf|50|218|654|4|
/home/jose/datos/satInstances/satProblems/uf50-218/uf50-0687.yos|0|yes_satisf|50|218|654|9|
/home/jose/datos/satInstances/satProblems/uf50-218/uf50-0688.yos|0|yes_satisf|50|218|654|18|
/home/jose/datos/satInstances/satProblems/uf50-218/uf50-0689.yos|0|yes_satisf|50|218|654|82|
/home/jose/datos/satInstances/satProblems/uf50-218/uf50-069.yos|0|yes_satisf|50|218|654|65|
/home/jose/datos/satInstances/satProblems/uf50-218/uf50-0690.yos|0|yes_satisf|50|218|654|117|
/home/jose/datos/satInstances/satProblems/uf50-218/uf50-0691.yos|0.004001|yes_satisf|50|218|654|19|
/home/jose/datos/satInstances/satProblems/uf50-218/uf50-0692.yos|0|yes_satisf|50|218|654|33|
/home/jose/datos/satInstances/satProblems/uf50-218/uf50-0693.yos|0.004|yes_satisf|50|218|654|130|
/home/jose/datos/satInstances/satProblems/uf50-218/uf50-0694.yos|0|yes_satisf|50|218|654|7|
/home/jose/datos/satInstances/satProblems/uf50-218/uf50-0695.yos|0.004|yes_satisf|50|218|654|54|
/home/jose/datos/satInstances/satProblems/uf50-218/uf50-0696.yos|0|yes_satisf|50|218|654|58|
/home/jose/datos/satInstances/satProblems/uf50-218/uf50-0697.yos|0|yes_satisf|50|218|654|34|
/home/jose/datos/satInstances/satProblems/uf50-218/uf50-0698.yos|0|yes_satisf|50|218|654|82|
/home/jose/datos/satInstances/satProblems/uf50-218/uf50-0699.yos|0.004001|yes_satisf|50|218|654|130|
/home/jose/datos/satInstances/satProblems/uf50-218/uf50-07.yos|0|yes_satisf|50|218|654|41|
/home/jose/datos/satInstances/satProblems/uf50-218/uf50-070.yos|0|yes_satisf|50|218|654|112|
/home/jose/datos/satInstances/satProblems/uf50-218/uf50-0700.yos|0.004|yes_satisf|50|218|654|88|
/home/jose/datos/satInstances/satProblems/uf50-218/uf50-0701.yos|0|yes_satisf|50|218|654|50|
/home/jose/datos/satInstances/satProblems/uf50-218/uf50-0702.yos|0|yes_satisf|50|218|654|12|
/home/jose/datos/satInstances/satProblems/uf50-218/uf50-0703.yos|0|yes_satisf|50|218|654|32|
/home/jose/datos/satInstances/satProblems/uf50-218/uf50-0704.yos|0|yes_satisf|50|218|654|44|
/home/jose/datos/satInstances/satProblems/uf50-218/uf50-0705.yos|0.004001|yes_satisf|50|218|654|103|
/home/jose/datos/satInstances/satProblems/uf50-218/uf50-0706.yos|0|yes_satisf|50|218|654|15|
/home/jose/datos/satInstances/satProblems/uf50-218/uf50-0707.yos|0.004|yes_satisf|50|218|654|88|
/home/jose/datos/satInstances/satProblems/uf50-218/uf50-0708.yos|0|yes_satisf|50|218|654|32|
/home/jose/datos/satInstances/satProblems/uf50-218/uf50-0709.yos|0|yes_satisf|50|218|654|0|
/home/jose/datos/satInstances/satProblems/uf50-218/uf50-071.yos|0|yes_satisf|50|218|654|1|
/home/jose/datos/satInstances/satProblems/uf50-218/uf50-0710.yos|0|yes_satisf|50|218|654|62|
/home/jose/datos/satInstances/satProblems/uf50-218/uf50-0711.yos|0.004|yes_satisf|50|218|654|55|
/home/jose/datos/satInstances/satProblems/uf50-218/uf50-0712.yos|0|yes_satisf|50|218|654|80|
/home/jose/datos/satInstances/satProblems/uf50-218/uf50-0713.yos|0|yes_satisf|50|218|654|2|
/home/jose/datos/satInstances/satProblems/uf50-218/uf50-0714.yos|0|yes_satisf|50|218|654|21|
/home/jose/datos/satInstances/satProblems/uf50-218/uf50-0715.yos|0|yes_satisf|50|218|654|63|
/home/jose/datos/satInstances/satProblems/uf50-218/uf50-0716.yos|0|yes_satisf|50|218|654|2|
/home/jose/datos/satInstances/satProblems/uf50-218/uf50-0717.yos|0|yes_satisf|50|218|654|50|
/home/jose/datos/satInstances/satProblems/uf50-218/uf50-0718.yos|0.004|yes_satisf|50|218|654|103|
/home/jose/datos/satInstances/satProblems/uf50-218/uf50-0719.yos|0|yes_satisf|50|218|654|4|
/home/jose/datos/satInstances/satProblems/uf50-218/uf50-072.yos|0|yes_satisf|50|218|654|8|
/home/jose/datos/satInstances/satProblems/uf50-218/uf50-0720.yos|0|yes_satisf|50|218|654|17|
/home/jose/datos/satInstances/satProblems/uf50-218/uf50-0721.yos|0|yes_satisf|50|218|654|58|
/home/jose/datos/satInstances/satProblems/uf50-218/uf50-0722.yos|0|yes_satisf|50|218|654|17|
/home/jose/datos/satInstances/satProblems/uf50-218/uf50-0723.yos|0|yes_satisf|50|218|654|18|
/home/jose/datos/satInstances/satProblems/uf50-218/uf50-0724.yos|0|yes_satisf|50|218|654|31|
/home/jose/datos/satInstances/satProblems/uf50-218/uf50-0725.yos|0.004|yes_satisf|50|218|654|76|
/home/jose/datos/satInstances/satProblems/uf50-218/uf50-0726.yos|0|yes_satisf|50|218|654|29|
/home/jose/datos/satInstances/satProblems/uf50-218/uf50-0727.yos|0|yes_satisf|50|218|654|24|
/home/jose/datos/satInstances/satProblems/uf50-218/uf50-0728.yos|0|yes_satisf|50|218|654|47|
/home/jose/datos/satInstances/satProblems/uf50-218/uf50-0729.yos|0|yes_satisf|50|218|654|65|
/home/jose/datos/satInstances/satProblems/uf50-218/uf50-073.yos|0.004|yes_satisf|50|218|654|62|
/home/jose/datos/satInstances/satProblems/uf50-218/uf50-0730.yos|0|yes_satisf|50|218|654|46|
/home/jose/datos/satInstances/satProblems/uf50-218/uf50-0731.yos|0.004001|yes_satisf|50|218|654|91|
/home/jose/datos/satInstances/satProblems/uf50-218/uf50-0732.yos|0.004|yes_satisf|50|218|654|116|
/home/jose/datos/satInstances/satProblems/uf50-218/uf50-0733.yos|0|yes_satisf|50|218|654|4|
/home/jose/datos/satInstances/satProblems/uf50-218/uf50-0734.yos|0|yes_satisf|50|218|654|13|
/home/jose/datos/satInstances/satProblems/uf50-218/uf50-0735.yos|0.004|yes_satisf|50|218|654|11|
/home/jose/datos/satInstances/satProblems/uf50-218/uf50-0736.yos|0|yes_satisf|50|218|654|26|
/home/jose/datos/satInstances/satProblems/uf50-218/uf50-0737.yos|0.004|yes_satisf|50|218|654|130|
/home/jose/datos/satInstances/satProblems/uf50-218/uf50-0738.yos|0|yes_satisf|50|218|654|79|
/home/jose/datos/satInstances/satProblems/uf50-218/uf50-0739.yos|0|yes_satisf|50|218|654|20|
/home/jose/datos/satInstances/satProblems/uf50-218/uf50-074.yos|0|yes_satisf|50|218|654|33|
/home/jose/datos/satInstances/satProblems/uf50-218/uf50-0740.yos|0|yes_satisf|50|218|654|45|
/home/jose/datos/satInstances/satProblems/uf50-218/uf50-0741.yos|0|yes_satisf|50|218|654|29|
/home/jose/datos/satInstances/satProblems/uf50-218/uf50-0742.yos|0|yes_satisf|50|218|654|6|
/home/jose/datos/satInstances/satProblems/uf50-218/uf50-0743.yos|0|yes_satisf|50|218|654|12|
/home/jose/datos/satInstances/satProblems/uf50-218/uf50-0744.yos|0|yes_satisf|50|218|654|31|
/home/jose/datos/satInstances/satProblems/uf50-218/uf50-0745.yos|0|yes_satisf|50|218|654|30|
/home/jose/datos/satInstances/satProblems/uf50-218/uf50-0746.yos|0|yes_satisf|50|218|654|22|
/home/jose/datos/satInstances/satProblems/uf50-218/uf50-0747.yos|0|yes_satisf|50|218|654|3|
/home/jose/datos/satInstances/satProblems/uf50-218/uf50-0748.yos|0|yes_satisf|50|218|654|15|
/home/jose/datos/satInstances/satProblems/uf50-218/uf50-0749.yos|0|yes_satisf|50|218|654|34|
/home/jose/datos/satInstances/satProblems/uf50-218/uf50-075.yos|0.004001|yes_satisf|50|218|654|119|
/home/jose/datos/satInstances/satProblems/uf50-218/uf50-0750.yos|0.004|yes_satisf|50|218|654|66|
/home/jose/datos/satInstances/satProblems/uf50-218/uf50-0751.yos|0|yes_satisf|50|218|654|1|
/home/jose/datos/satInstances/satProblems/uf50-218/uf50-0752.yos|0|yes_satisf|50|218|654|23|
/home/jose/datos/satInstances/satProblems/uf50-218/uf50-0753.yos|0|yes_satisf|50|218|654|3|
/home/jose/datos/satInstances/satProblems/uf50-218/uf50-0754.yos|0|yes_satisf|50|218|654|63|
/home/jose/datos/satInstances/satProblems/uf50-218/uf50-0755.yos|0|yes_satisf|50|218|654|4|
/home/jose/datos/satInstances/satProblems/uf50-218/uf50-0756.yos|0.004|yes_satisf|50|218|654|84|
/home/jose/datos/satInstances/satProblems/uf50-218/uf50-0757.yos|0.004001|yes_satisf|50|218|654|121|
/home/jose/datos/satInstances/satProblems/uf50-218/uf50-0758.yos|0|yes_satisf|50|218|654|28|
/home/jose/datos/satInstances/satProblems/uf50-218/uf50-0759.yos|0|yes_satisf|50|218|654|44|
/home/jose/datos/satInstances/satProblems/uf50-218/uf50-076.yos|0|yes_satisf|50|218|654|31|
/home/jose/datos/satInstances/satProblems/uf50-218/uf50-0760.yos|0|yes_satisf|50|218|654|114|
/home/jose/datos/satInstances/satProblems/uf50-218/uf50-0761.yos|0|yes_satisf|50|218|654|30|
/home/jose/datos/satInstances/satProblems/uf50-218/uf50-0762.yos|0|yes_satisf|50|218|654|31|
/home/jose/datos/satInstances/satProblems/uf50-218/uf50-0763.yos|0.004|yes_satisf|50|218|654|65|
/home/jose/datos/satInstances/satProblems/uf50-218/uf50-0764.yos|0|yes_satisf|50|218|654|8|
/home/jose/datos/satInstances/satProblems/uf50-218/uf50-0765.yos|0.004|yes_satisf|50|218|654|217|
/home/jose/datos/satInstances/satProblems/uf50-218/uf50-0766.yos|0|yes_satisf|50|218|654|43|
/home/jose/datos/satInstances/satProblems/uf50-218/uf50-0767.yos|0.004|yes_satisf|50|218|654|131|
/home/jose/datos/satInstances/satProblems/uf50-218/uf50-0768.yos|0|yes_satisf|50|218|654|21|
/home/jose/datos/satInstances/satProblems/uf50-218/uf50-0769.yos|0|yes_satisf|50|218|654|11|
/home/jose/datos/satInstances/satProblems/uf50-218/uf50-077.yos|0|yes_satisf|50|218|654|15|
/home/jose/datos/satInstances/satProblems/uf50-218/uf50-0770.yos|0|yes_satisf|50|218|654|4|
/home/jose/datos/satInstances/satProblems/uf50-218/uf50-0771.yos|0|yes_satisf|50|218|654|36|
/home/jose/datos/satInstances/satProblems/uf50-218/uf50-0772.yos|0.004|yes_satisf|50|218|654|42|
/home/jose/datos/satInstances/satProblems/uf50-218/uf50-0773.yos|0|yes_satisf|50|218|654|109|
/home/jose/datos/satInstances/satProblems/uf50-218/uf50-0774.yos|0|yes_satisf|50|218|654|41|
/home/jose/datos/satInstances/satProblems/uf50-218/uf50-0775.yos|0|yes_satisf|50|218|654|75|
/home/jose/datos/satInstances/satProblems/uf50-218/uf50-0776.yos|0|yes_satisf|50|218|654|20|
/home/jose/datos/satInstances/satProblems/uf50-218/uf50-0777.yos|0|yes_satisf|50|218|654|39|
/home/jose/datos/satInstances/satProblems/uf50-218/uf50-0778.yos|0.004|yes_satisf|50|218|654|45|
/home/jose/datos/satInstances/satProblems/uf50-218/uf50-0779.yos|0|yes_satisf|50|218|654|38|
/home/jose/datos/satInstances/satProblems/uf50-218/uf50-078.yos|0.004|yes_satisf|50|218|654|158|
/home/jose/datos/satInstances/satProblems/uf50-218/uf50-0780.yos|0|yes_satisf|50|218|654|30|
/home/jose/datos/satInstances/satProblems/uf50-218/uf50-0781.yos|0|yes_satisf|50|218|654|40|
/home/jose/datos/satInstances/satProblems/uf50-218/uf50-0782.yos|0|yes_satisf|50|218|654|21|
/home/jose/datos/satInstances/satProblems/uf50-218/uf50-0783.yos|0.004|yes_satisf|50|218|654|56|
/home/jose/datos/satInstances/satProblems/uf50-218/uf50-0784.yos|0|yes_satisf|50|218|654|16|
/home/jose/datos/satInstances/satProblems/uf50-218/uf50-0785.yos|0|yes_satisf|50|218|654|11|
/home/jose/datos/satInstances/satProblems/uf50-218/uf50-0786.yos|0|yes_satisf|50|218|654|4|
/home/jose/datos/satInstances/satProblems/uf50-218/uf50-0787.yos|0|yes_satisf|50|218|654|5|
/home/jose/datos/satInstances/satProblems/uf50-218/uf50-0788.yos|0|yes_satisf|50|218|654|1|
/home/jose/datos/satInstances/satProblems/uf50-218/uf50-0789.yos|0|yes_satisf|50|218|654|19|
/home/jose/datos/satInstances/satProblems/uf50-218/uf50-079.yos|0|yes_satisf|50|218|654|2|
/home/jose/datos/satInstances/satProblems/uf50-218/uf50-0790.yos|0.004|yes_satisf|50|218|654|17|
/home/jose/datos/satInstances/satProblems/uf50-218/uf50-0791.yos|0|yes_satisf|50|218|654|131|
/home/jose/datos/satInstances/satProblems/uf50-218/uf50-0792.yos|0|yes_satisf|50|218|654|156|
/home/jose/datos/satInstances/satProblems/uf50-218/uf50-0793.yos|0|yes_satisf|50|218|654|64|
/home/jose/datos/satInstances/satProblems/uf50-218/uf50-0794.yos|0|yes_satisf|50|218|654|13|
/home/jose/datos/satInstances/satProblems/uf50-218/uf50-0795.yos|0.004|yes_satisf|50|218|654|53|
/home/jose/datos/satInstances/satProblems/uf50-218/uf50-0796.yos|0.004|yes_satisf|50|218|654|102|
/home/jose/datos/satInstances/satProblems/uf50-218/uf50-0797.yos|0|yes_satisf|50|218|654|20|
/home/jose/datos/satInstances/satProblems/uf50-218/uf50-0798.yos|0|yes_satisf|50|218|654|29|
/home/jose/datos/satInstances/satProblems/uf50-218/uf50-0799.yos|0.004|yes_satisf|50|218|654|56|
/home/jose/datos/satInstances/satProblems/uf50-218/uf50-08.yos|0|yes_satisf|50|218|654|73|
/home/jose/datos/satInstances/satProblems/uf50-218/uf50-080.yos|0|yes_satisf|50|218|654|4|
/home/jose/datos/satInstances/satProblems/uf50-218/uf50-0800.yos|0|yes_satisf|50|218|654|2|
/home/jose/datos/satInstances/satProblems/uf50-218/uf50-0801.yos|0|yes_satisf|50|218|654|39|
/home/jose/datos/satInstances/satProblems/uf50-218/uf50-0802.yos|0|yes_satisf|50|218|654|4|
/home/jose/datos/satInstances/satProblems/uf50-218/uf50-0803.yos|0|yes_satisf|50|218|654|15|
/home/jose/datos/satInstances/satProblems/uf50-218/uf50-0804.yos|0|yes_satisf|50|218|654|40|
/home/jose/datos/satInstances/satProblems/uf50-218/uf50-0805.yos|0|yes_satisf|50|218|654|28|
/home/jose/datos/satInstances/satProblems/uf50-218/uf50-0806.yos|0|yes_satisf|50|218|654|106|
/home/jose/datos/satInstances/satProblems/uf50-218/uf50-0807.yos|0|yes_satisf|50|218|654|17|
/home/jose/datos/satInstances/satProblems/uf50-218/uf50-0808.yos|0|yes_satisf|50|218|654|114|
/home/jose/datos/satInstances/satProblems/uf50-218/uf50-0809.yos|0.004001|yes_satisf|50|218|654|47|
/home/jose/datos/satInstances/satProblems/uf50-218/uf50-081.yos|0.004|yes_satisf|50|218|654|134|
/home/jose/datos/satInstances/satProblems/uf50-218/uf50-0810.yos|0|yes_satisf|50|218|654|67|
/home/jose/datos/satInstances/satProblems/uf50-218/uf50-0811.yos|0|yes_satisf|50|218|654|7|
/home/jose/datos/satInstances/satProblems/uf50-218/uf50-0812.yos|0|yes_satisf|50|218|654|20|
/home/jose/datos/satInstances/satProblems/uf50-218/uf50-0813.yos|0.004|yes_satisf|50|218|654|120|
/home/jose/datos/satInstances/satProblems/uf50-218/uf50-0814.yos|0|yes_satisf|50|218|654|11|
/home/jose/datos/satInstances/satProblems/uf50-218/uf50-0815.yos|0|yes_satisf|50|218|654|9|
/home/jose/datos/satInstances/satProblems/uf50-218/uf50-0816.yos|0.004001|yes_satisf|50|218|654|90|
/home/jose/datos/satInstances/satProblems/uf50-218/uf50-0817.yos|0|yes_satisf|50|218|654|87|
/home/jose/datos/satInstances/satProblems/uf50-218/uf50-0818.yos|0|yes_satisf|50|218|654|6|
/home/jose/datos/satInstances/satProblems/uf50-218/uf50-0819.yos|0|yes_satisf|50|218|654|79|
/home/jose/datos/satInstances/satProblems/uf50-218/uf50-082.yos|0|yes_satisf|50|218|654|2|
/home/jose/datos/satInstances/satProblems/uf50-218/uf50-0820.yos|0|yes_satisf|50|218|654|25|
/home/jose/datos/satInstances/satProblems/uf50-218/uf50-0821.yos|0|yes_satisf|50|218|654|28|
/home/jose/datos/satInstances/satProblems/uf50-218/uf50-0822.yos|0|yes_satisf|50|218|654|3|
/home/jose/datos/satInstances/satProblems/uf50-218/uf50-0823.yos|0|yes_satisf|50|218|654|130|
/home/jose/datos/satInstances/satProblems/uf50-218/uf50-0824.yos|0.004001|yes_satisf|50|218|654|36|
/home/jose/datos/satInstances/satProblems/uf50-218/uf50-0825.yos|0|yes_satisf|50|218|654|9|
/home/jose/datos/satInstances/satProblems/uf50-218/uf50-0826.yos|0|yes_satisf|50|218|654|23|
/home/jose/datos/satInstances/satProblems/uf50-218/uf50-0827.yos|0|yes_satisf|50|218|654|3|
/home/jose/datos/satInstances/satProblems/uf50-218/uf50-0828.yos|0|yes_satisf|50|218|654|47|
/home/jose/datos/satInstances/satProblems/uf50-218/uf50-0829.yos|0|yes_satisf|50|218|654|7|
/home/jose/datos/satInstances/satProblems/uf50-218/uf50-083.yos|0.004|yes_satisf|50|218|654|60|
/home/jose/datos/satInstances/satProblems/uf50-218/uf50-0830.yos|0|yes_satisf|50|218|654|9|
/home/jose/datos/satInstances/satProblems/uf50-218/uf50-0831.yos|0|yes_satisf|50|218|654|57|
/home/jose/datos/satInstances/satProblems/uf50-218/uf50-0832.yos|0|yes_satisf|50|218|654|6|
/home/jose/datos/satInstances/satProblems/uf50-218/uf50-0833.yos|0|yes_satisf|50|218|654|27|
/home/jose/datos/satInstances/satProblems/uf50-218/uf50-0834.yos|0|yes_satisf|50|218|654|9|
/home/jose/datos/satInstances/satProblems/uf50-218/uf50-0835.yos|0|yes_satisf|50|218|654|21|
/home/jose/datos/satInstances/satProblems/uf50-218/uf50-0836.yos|0|yes_satisf|50|218|654|5|
/home/jose/datos/satInstances/satProblems/uf50-218/uf50-0837.yos|0|yes_satisf|50|218|654|45|
/home/jose/datos/satInstances/satProblems/uf50-218/uf50-0838.yos|0|yes_satisf|50|218|654|17|
/home/jose/datos/satInstances/satProblems/uf50-218/uf50-0839.yos|0|yes_satisf|50|218|654|45|
/home/jose/datos/satInstances/satProblems/uf50-218/uf50-084.yos|0|yes_satisf|50|218|654|6|
/home/jose/datos/satInstances/satProblems/uf50-218/uf50-0840.yos|0|yes_satisf|50|218|654|8|
/home/jose/datos/satInstances/satProblems/uf50-218/uf50-0841.yos|0.004|yes_satisf|50|218|654|75|
/home/jose/datos/satInstances/satProblems/uf50-218/uf50-0842.yos|0|yes_satisf|50|218|654|29|
/home/jose/datos/satInstances/satProblems/uf50-218/uf50-0843.yos|0|yes_satisf|50|218|654|10|
/home/jose/datos/satInstances/satProblems/uf50-218/uf50-0844.yos|0|yes_satisf|50|218|654|87|
/home/jose/datos/satInstances/satProblems/uf50-218/uf50-0845.yos|0.004001|yes_satisf|50|218|654|60|
/home/jose/datos/satInstances/satProblems/uf50-218/uf50-0846.yos|0|yes_satisf|50|218|654|30|
/home/jose/datos/satInstances/satProblems/uf50-218/uf50-0847.yos|0|yes_satisf|50|218|654|4|
/home/jose/datos/satInstances/satProblems/uf50-218/uf50-0848.yos|0.004|yes_satisf|50|218|654|100|
/home/jose/datos/satInstances/satProblems/uf50-218/uf50-0849.yos|0|yes_satisf|50|218|654|28|
/home/jose/datos/satInstances/satProblems/uf50-218/uf50-085.yos|0.004|yes_satisf|50|218|654|110|
/home/jose/datos/satInstances/satProblems/uf50-218/uf50-0850.yos|0|yes_satisf|50|218|654|19|
/home/jose/datos/satInstances/satProblems/uf50-218/uf50-0851.yos|0|yes_satisf|50|218|654|46|
/home/jose/datos/satInstances/satProblems/uf50-218/uf50-0852.yos|0.004001|yes_satisf|50|218|654|208|
/home/jose/datos/satInstances/satProblems/uf50-218/uf50-0853.yos|0|yes_satisf|50|218|654|103|
/home/jose/datos/satInstances/satProblems/uf50-218/uf50-0854.yos|0.004|yes_satisf|50|218|654|85|
/home/jose/datos/satInstances/satProblems/uf50-218/uf50-0855.yos|0|yes_satisf|50|218|654|26|
/home/jose/datos/satInstances/satProblems/uf50-218/uf50-0856.yos|0|yes_satisf|50|218|654|54|
/home/jose/datos/satInstances/satProblems/uf50-218/uf50-0857.yos|0|yes_satisf|50|218|654|38|
/home/jose/datos/satInstances/satProblems/uf50-218/uf50-0858.yos|0|yes_satisf|50|218|654|15|
/home/jose/datos/satInstances/satProblems/uf50-218/uf50-0859.yos|0|yes_satisf|50|218|654|28|
/home/jose/datos/satInstances/satProblems/uf50-218/uf50-086.yos|0|yes_satisf|50|218|654|44|
/home/jose/datos/satInstances/satProblems/uf50-218/uf50-0860.yos|0|yes_satisf|50|218|654|22|
/home/jose/datos/satInstances/satProblems/uf50-218/uf50-0861.yos|0|yes_satisf|50|218|654|20|
/home/jose/datos/satInstances/satProblems/uf50-218/uf50-0862.yos|0|yes_satisf|50|218|654|133|
/home/jose/datos/satInstances/satProblems/uf50-218/uf50-0863.yos|0|yes_satisf|50|218|654|10|
/home/jose/datos/satInstances/satProblems/uf50-218/uf50-0864.yos|0.004|yes_satisf|50|218|654|128|
/home/jose/datos/satInstances/satProblems/uf50-218/uf50-0865.yos|0|yes_satisf|50|218|654|98|
/home/jose/datos/satInstances/satProblems/uf50-218/uf50-0866.yos|0|yes_satisf|50|218|654|4|
/home/jose/datos/satInstances/satProblems/uf50-218/uf50-0867.yos|0|yes_satisf|50|218|654|23|
/home/jose/datos/satInstances/satProblems/uf50-218/uf50-0868.yos|0|yes_satisf|50|218|654|82|
/home/jose/datos/satInstances/satProblems/uf50-218/uf50-0869.yos|0|yes_satisf|50|218|654|44|
/home/jose/datos/satInstances/satProblems/uf50-218/uf50-087.yos|0|yes_satisf|50|218|654|39|
/home/jose/datos/satInstances/satProblems/uf50-218/uf50-0870.yos|0.004|yes_satisf|50|218|654|5|
/home/jose/datos/satInstances/satProblems/uf50-218/uf50-0871.yos|0|yes_satisf|50|218|654|67|
/home/jose/datos/satInstances/satProblems/uf50-218/uf50-0872.yos|0.004|yes_satisf|50|218|654|49|
/home/jose/datos/satInstances/satProblems/uf50-218/uf50-0873.yos|0|yes_satisf|50|218|654|126|
/home/jose/datos/satInstances/satProblems/uf50-218/uf50-0874.yos|0|yes_satisf|50|218|654|15|
/home/jose/datos/satInstances/satProblems/uf50-218/uf50-0875.yos|0|yes_satisf|50|218|654|40|
/home/jose/datos/satInstances/satProblems/uf50-218/uf50-0876.yos|0|yes_satisf|50|218|654|42|
/home/jose/datos/satInstances/satProblems/uf50-218/uf50-0877.yos|0|yes_satisf|50|218|654|11|
/home/jose/datos/satInstances/satProblems/uf50-218/uf50-0878.yos|0|yes_satisf|50|218|654|18|
/home/jose/datos/satInstances/satProblems/uf50-218/uf50-0879.yos|0|yes_satisf|50|218|654|56|
/home/jose/datos/satInstances/satProblems/uf50-218/uf50-088.yos|0|yes_satisf|50|218|654|26|
/home/jose/datos/satInstances/satProblems/uf50-218/uf50-0880.yos|0|yes_satisf|50|218|654|4|
/home/jose/datos/satInstances/satProblems/uf50-218/uf50-0881.yos|0|yes_satisf|50|218|654|47|
/home/jose/datos/satInstances/satProblems/uf50-218/uf50-0882.yos|0|yes_satisf|50|218|654|22|
/home/jose/datos/satInstances/satProblems/uf50-218/uf50-0883.yos|0|yes_satisf|50|218|654|36|
/home/jose/datos/satInstances/satProblems/uf50-218/uf50-0884.yos|0.004|yes_satisf|50|218|654|126|
/home/jose/datos/satInstances/satProblems/uf50-218/uf50-0885.yos|0.004001|yes_satisf|50|218|654|72|
/home/jose/datos/satInstances/satProblems/uf50-218/uf50-0886.yos|0|yes_satisf|50|218|654|57|
/home/jose/datos/satInstances/satProblems/uf50-218/uf50-0887.yos|0|yes_satisf|50|218|654|22|
/home/jose/datos/satInstances/satProblems/uf50-218/uf50-0888.yos|0|yes_satisf|50|218|654|67|

